2025-05-23 18:31:14 +0000  Initial pipeline context: <IDEDistributionProcessingPipelineContext: 0x135ad6070; archive(resolved)="<IDEArchive: 0x60000d442140>", distributionTask(resolved)="2", distributionDestination(resolved)="1", distributionMethod(resolved)="<IDEDistributionMethodDevelopmentSigned: 0x60000bed6630>", team(resolved)="<IDEProvisioningDisambiguatableBasicTeam: 0x6000064a4c00; teamID='6A226BWKP3', teamName='eun sun park', teamType='Individual', username='dodani1@naver.com', isFreeProvisioningTeam='0'>">
	Chain (15, self inclusive):
	<IDEDistributionProcessingPipelineContext: 0x135ad6070; archive = "<IDEArchive: 0x60000d442140>", distributionMethod="<IDEDistributionMethodDevelopmentSigned: 0x60000bed6630>", team="<IDEProvisioningDisambiguatableBasicTeam: 0x6000064a4c00; teamID='6A226BWKP3', teamName='eun sun park', teamType='Individual', username='dodani1@naver.com', isFreeProvisioningTeam='0'>">
	<IDEDistributionProcessingPipelineContext: 0x34b260150; archive = "<IDEArchive: 0x60000d442140>", distributionMethod="<IDEDistributionMethodDevelopmentSigned: 0x60000bed6630>", team="<IDEProvisioningDisambiguatableBasicTeam: 0x6000064a4c00; teamID='6A226BWKP3', teamName='eun sun park', teamType='Individual', username='dodani1@naver.com', isFreeProvisioningTeam='0'>">
	<IDEDistributionContext: 0x34ea412b0; archive = "<IDEArchive: 0x60000d442140>", distributionMethod="<IDEDistributionMethodDevelopmentSigned: 0x60000bed6630>", team="<IDEProvisioningDisambiguatableBasicTeam: 0x6000064a4c00; teamID='6A226BWKP3', teamName='eun sun park', teamType='Individual', username='dodani1@naver.com', isFreeProvisioningTeam='0'>">
	<IDEDistributionContext: 0x127748660; archive = "<IDEArchive: 0x60000d442140>", distributionMethod="<IDEDistributionMethodDevelopmentSigned: 0x60000bed6630>", team="<IDEProvisioningDisambiguatableBasicTeam: 0x6000064a4c00; teamID='6A226BWKP3', teamName='eun sun park', teamType='Individual', username='dodani1@naver.com', isFreeProvisioningTeam='0'>">
	<IDEDistributionContext: 0x127729480; archive = "<IDEArchive: 0x60000d442140>", distributionMethod="<IDEDistributionMethodDevelopmentSigned: 0x60000bed6630>", team="<IDEProvisioningDisambiguatableBasicTeam: 0x6000064a4c00; teamID='6A226BWKP3', teamName='eun sun park', teamType='Individual', username='dodani1@naver.com', isFreeProvisioningTeam='0'>">
	<IDEDistributionContext: 0x127711a70; archive = "<IDEArchive: 0x60000d442140>", distributionMethod="<IDEDistributionMethodDevelopmentSigned: 0x60000bed6630>", team="<IDEProvisioningDisambiguatableBasicTeam: 0x6000064a4c00; teamID='6A226BWKP3', teamName='eun sun park', teamType='Individual', username='dodani1@naver.com', isFreeProvisioningTeam='0'>">
	<IDEDistributionContext: 0x15229c420; archive = "<IDEArchive: 0x60000d442140>", distributionMethod="<IDEDistributionMethodDevelopmentSigned: 0x60000bed6630>", team="<IDEProvisioningDisambiguatableBasicTeam: 0x6000064a4c00; teamID='6A226BWKP3', teamName='eun sun park', teamType='Individual', username='dodani1@naver.com', isFreeProvisioningTeam='0'>">
	<IDEDistributionContext: 0x15229c210; archive = "<IDEArchive: 0x60000d442140>", distributionMethod="<IDEDistributionMethodDevelopmentSigned: 0x60000bed6630>", team="<IDEProvisioningDisambiguatableBasicTeam: 0x6000064a4c00; teamID='6A226BWKP3', teamName='eun sun park', teamType='Individual', username='dodani1@naver.com', isFreeProvisioningTeam='0'>">
	<IDEDistributionContext: 0x127021bb0; archive = "<IDEArchive: 0x60000d442140>", distributionMethod="<IDEDistributionMethodDevelopmentSigned: 0x60000bed6630>", team="<IDEProvisioningDisambiguatableBasicTeam: 0x6000064a4c00; teamID='6A226BWKP3', teamName='eun sun park', teamType='Individual', username='dodani1@naver.com', isFreeProvisioningTeam='0'>">
	<IDEDistributionContext: 0x1521ba500; archive = "<IDEArchive: 0x60000d442140>", distributionMethod="<IDEDistributionMethodDevelopmentSigned: 0x60000bed6630>", team="(null)">
	<IDEDistributionContext: 0x127747890; archive = "<IDEArchive: 0x60000d442140>", distributionMethod="<IDEDistributionMethodDevelopmentSigned: 0x60000bed6630>", team="(null)">
	<IDEDistributionContext: 0x15229e630; archive = "<IDEArchive: 0x60000d442140>", distributionMethod="<IDEDistributionMethodDevelopmentSigned: 0x60000bed6630>", team="(null)">
	<IDEDistributionContext: 0x12770d950; archive = "<IDEArchive: 0x60000d442140>", distributionMethod="<IDEDistributionMethodDevelopmentSigned: 0x60000bed6630>", team="(null)">
	<IDEDistributionContext: 0x152031d20; archive = "<IDEArchive: 0x60000d442140>", distributionMethod="(null)", team="(null)">
	<IDEDistributionContext: 0x150fc0240; archive = "<IDEArchive: 0x60000d442140>", distributionMethod="(null)", team="(null)">
</IDEDistributionProcessingPipelineContext: 0x135ad6070>
2025-05-23 18:31:14 +0000  Processing step: IDEDistributionCreateDestRootStep
2025-05-23 18:31:14 +0000  Processing step: IDEDistributionCopyItemStep
2025-05-23 18:31:14 +0000  Running /usr/bin/ditto '-V' '/Users/jeong-yuseog/Library/Developer/Xcode/Archives/2025-05-23/K-Visa 5-23-25, 13.02 2.xcarchive/Products/Applications/K-Visa.app' '/var/folders/2m/mbbfzhqx7m309jyf4920twhw0000gn/T/XcodeDistPipeline.~~~rMv22V/Root/Payload/K-Visa.app'
2025-05-23 18:31:14 +0000  >>> Copying /Users/jeong-yuseog/Library/Developer/Xcode/Archives/2025-05-23/K-Visa 5-23-25, 13.02 2.xcarchive/Products/Applications/K-Visa.app 
2025-05-23 18:31:14 +0000  copying file ./_CodeSignature/CodeResources ... 
2025-05-23 18:31:14 +0000  36765 bytes for ./_CodeSignature/CodeResources
2025-05-23 18:31:14 +0000  copying file ./Firebase_FirebaseCore.bundle/PrivacyInfo.xcprivacy ... 
2025-05-23 18:31:14 +0000  855 bytes for ./Firebase_FirebaseCore.bundle/PrivacyInfo.xcprivacy
2025-05-23 18:31:14 +0000  copying file ./Firebase_FirebaseCore.bundle/Info.plist ... 
2025-05-23 18:31:14 +0000  698 bytes for ./Firebase_FirebaseCore.bundle/Info.plist
2025-05-23 18:31:14 +0000  copying file ./GTMSessionFetcher_GTMSessionFetcherCore.bundle/PrivacyInfo.xcprivacy ... 
2025-05-23 18:31:14 +0000  598 bytes for ./GTMSessionFetcher_GTMSessionFetcherCore.bundle/PrivacyInfo.xcprivacy
2025-05-23 18:31:14 +0000  copying file ./GTMSessionFetcher_GTMSessionFetcherCore.bundle/Info.plist ... 
2025-05-23 18:31:14 +0000  728 bytes for ./GTMSessionFetcher_GTMSessionFetcherCore.bundle/Info.plist
2025-05-23 18:31:14 +0000  copying file ./GoogleSignIn_GoogleSignIn.bundle/de.lproj/GoogleSignIn.strings ... 
2025-05-23 18:31:14 +0000  1703 bytes for ./GoogleSignIn_GoogleSignIn.bundle/de.lproj/GoogleSignIn.strings
2025-05-23 18:31:14 +0000  copying file ./GoogleSignIn_GoogleSignIn.bundle/he.lproj/GoogleSignIn.strings ... 
2025-05-23 18:31:14 +0000  1780 bytes for ./GoogleSignIn_GoogleSignIn.bundle/he.lproj/GoogleSignIn.strings
2025-05-23 18:31:14 +0000  copying file ./GoogleSignIn_GoogleSignIn.bundle/ar.lproj/GoogleSignIn.strings ... 
2025-05-23 18:31:14 +0000  1759 bytes for ./GoogleSignIn_GoogleSignIn.bundle/ar.lproj/GoogleSignIn.strings
2025-05-23 18:31:14 +0000  copying file ./GoogleSignIn_GoogleSignIn.bundle/el.lproj/GoogleSignIn.strings ... 
2025-05-23 18:31:14 +0000  2103 bytes for ./GoogleSignIn_GoogleSignIn.bundle/el.lproj/GoogleSignIn.strings
2025-05-23 18:31:14 +0000  copying file ./GoogleSignIn_GoogleSignIn.bundle/ja.lproj/GoogleSignIn.strings ... 
2025-05-23 18:31:14 +0000  1711 bytes for ./GoogleSignIn_GoogleSignIn.bundle/ja.lproj/GoogleSignIn.strings
2025-05-23 18:31:14 +0000  copying file ./GoogleSignIn_GoogleSignIn.bundle/en.lproj/GoogleSignIn.strings ... 
2025-05-23 18:31:14 +0000  1547 bytes for ./GoogleSignIn_GoogleSignIn.bundle/en.lproj/GoogleSignIn.strings
2025-05-23 18:31:14 +0000  copying file ./GoogleSignIn_GoogleSignIn.bundle/uk.lproj/GoogleSignIn.strings ... 
2025-05-23 18:31:14 +0000  1864 bytes for ./GoogleSignIn_GoogleSignIn.bundle/uk.lproj/GoogleSignIn.strings
2025-05-23 18:31:14 +0000  copying file ./GoogleSignIn_GoogleSignIn.bundle/es_MX.lproj/GoogleSignIn.strings ... 
2025-05-23 18:31:14 +0000  1607 bytes for ./GoogleSignIn_GoogleSignIn.bundle/es_MX.lproj/GoogleSignIn.strings
2025-05-23 18:31:14 +0000  copying file ./GoogleSignIn_GoogleSignIn.bundle/zh_CN.lproj/GoogleSignIn.strings ... 
2025-05-23 18:31:14 +0000  1489 bytes for ./GoogleSignIn_GoogleSignIn.bundle/zh_CN.lproj/GoogleSignIn.strings
2025-05-23 18:31:14 +0000  copying file ./GoogleSignIn_GoogleSignIn.bundle/nb.lproj/GoogleSignIn.strings ... 
2025-05-23 18:31:14 +0000  1593 bytes for ./GoogleSignIn_GoogleSignIn.bundle/nb.lproj/GoogleSignIn.strings
2025-05-23 18:31:14 +0000  copying file ./GoogleSignIn_GoogleSignIn.bundle/es.lproj/GoogleSignIn.strings ... 
2025-05-23 18:31:14 +0000  1678 bytes for ./GoogleSignIn_GoogleSignIn.bundle/es.lproj/GoogleSignIn.strings
2025-05-23 18:31:14 +0000  copying file ./GoogleSignIn_GoogleSignIn.bundle/pt_BR.lproj/GoogleSignIn.strings ... 
2025-05-23 18:31:14 +0000  1608 bytes for ./GoogleSignIn_GoogleSignIn.bundle/pt_BR.lproj/GoogleSignIn.strings
2025-05-23 18:31:14 +0000  copying file ./GoogleSignIn_GoogleSignIn.bundle/da.lproj/GoogleSignIn.strings ... 
2025-05-23 18:31:14 +0000  1611 bytes for ./GoogleSignIn_GoogleSignIn.bundle/da.lproj/GoogleSignIn.strings
2025-05-23 18:31:14 +0000  copying file ./GoogleSignIn_GoogleSignIn.bundle/it.lproj/GoogleSignIn.strings ... 
2025-05-23 18:31:14 +0000  1570 bytes for ./GoogleSignIn_GoogleSignIn.bundle/it.lproj/GoogleSignIn.strings
2025-05-23 18:31:14 +0000  copying file ./GoogleSignIn_GoogleSignIn.bundle/sk.lproj/GoogleSignIn.strings ... 
2025-05-23 18:31:14 +0000  1665 bytes for ./GoogleSignIn_GoogleSignIn.bundle/sk.lproj/GoogleSignIn.strings
2025-05-23 18:31:14 +0000  copying file ./GoogleSignIn_GoogleSignIn.bundle/pt_PT.lproj/GoogleSignIn.strings ... 
2025-05-23 18:31:14 +0000  1646 bytes for ./GoogleSignIn_GoogleSignIn.bundle/pt_PT.lproj/GoogleSignIn.strings
2025-05-23 18:31:14 +0000  copying file ./GoogleSignIn_GoogleSignIn.bundle/google@3x.png ... 
2025-05-23 18:31:14 +0000  1622 bytes for ./GoogleSignIn_GoogleSignIn.bundle/google@3x.png
2025-05-23 18:31:14 +0000  copying file ./GoogleSignIn_GoogleSignIn.bundle/ms.lproj/GoogleSignIn.strings ... 
2025-05-23 18:31:14 +0000  1565 bytes for ./GoogleSignIn_GoogleSignIn.bundle/ms.lproj/GoogleSignIn.strings
2025-05-23 18:31:14 +0000  copying file ./GoogleSignIn_GoogleSignIn.bundle/sv.lproj/GoogleSignIn.strings ... 
2025-05-23 18:31:14 +0000  1579 bytes for ./GoogleSignIn_GoogleSignIn.bundle/sv.lproj/GoogleSignIn.strings
2025-05-23 18:31:14 +0000  copying file ./GoogleSignIn_GoogleSignIn.bundle/cs.lproj/GoogleSignIn.strings ... 
2025-05-23 18:31:14 +0000  1615 bytes for ./GoogleSignIn_GoogleSignIn.bundle/cs.lproj/GoogleSignIn.strings
2025-05-23 18:31:14 +0000  copying file ./GoogleSignIn_GoogleSignIn.bundle/google@2x.png ... 
2025-05-23 18:31:14 +0000  987 bytes for ./GoogleSignIn_GoogleSignIn.bundle/google@2x.png
2025-05-23 18:31:14 +0000  copying file ./GoogleSignIn_GoogleSignIn.bundle/ko.lproj/GoogleSignIn.strings ... 
2025-05-23 18:31:14 +0000  1634 bytes for ./GoogleSignIn_GoogleSignIn.bundle/ko.lproj/GoogleSignIn.strings
2025-05-23 18:31:14 +0000  copying file ./GoogleSignIn_GoogleSignIn.bundle/hu.lproj/GoogleSignIn.strings ... 
2025-05-23 18:31:14 +0000  1663 bytes for ./GoogleSignIn_GoogleSignIn.bundle/hu.lproj/GoogleSignIn.strings
2025-05-23 18:31:14 +0000  copying file ./GoogleSignIn_GoogleSignIn.bundle/tr.lproj/GoogleSignIn.strings ... 
2025-05-23 18:31:14 +0000  1596 bytes for ./GoogleSignIn_GoogleSignIn.bundle/tr.lproj/GoogleSignIn.strings
2025-05-23 18:31:14 +0000  copying file ./GoogleSignIn_GoogleSignIn.bundle/pl.lproj/GoogleSignIn.strings ... 
2025-05-23 18:31:14 +0000  1578 bytes for ./GoogleSignIn_GoogleSignIn.bundle/pl.lproj/GoogleSignIn.strings
2025-05-23 18:31:14 +0000  copying file ./GoogleSignIn_GoogleSignIn.bundle/zh_TW.lproj/GoogleSignIn.strings ... 
2025-05-23 18:31:14 +0000  1525 bytes for ./GoogleSignIn_GoogleSignIn.bundle/zh_TW.lproj/GoogleSignIn.strings
2025-05-23 18:31:14 +0000  copying file ./GoogleSignIn_GoogleSignIn.bundle/en_GB.lproj/GoogleSignIn.strings ... 
2025-05-23 18:31:14 +0000  1547 bytes for ./GoogleSignIn_GoogleSignIn.bundle/en_GB.lproj/GoogleSignIn.strings
2025-05-23 18:31:14 +0000  copying file ./GoogleSignIn_GoogleSignIn.bundle/vi.lproj/GoogleSignIn.strings ... 
2025-05-23 18:31:14 +0000  1717 bytes for ./GoogleSignIn_GoogleSignIn.bundle/vi.lproj/GoogleSignIn.strings
2025-05-23 18:31:14 +0000  copying file ./GoogleSignIn_GoogleSignIn.bundle/PrivacyInfo.xcprivacy ... 
2025-05-23 18:31:14 +0000  3756 bytes for ./GoogleSignIn_GoogleSignIn.bundle/PrivacyInfo.xcprivacy
2025-05-23 18:31:14 +0000  copying file ./GoogleSignIn_GoogleSignIn.bundle/ru.lproj/GoogleSignIn.strings ... 
2025-05-23 18:31:14 +0000  1954 bytes for ./GoogleSignIn_GoogleSignIn.bundle/ru.lproj/GoogleSignIn.strings
2025-05-23 18:31:14 +0000  copying file ./GoogleSignIn_GoogleSignIn.bundle/fr_CA.lproj/GoogleSignIn.strings ... 
2025-05-23 18:31:14 +0000  1657 bytes for ./GoogleSignIn_GoogleSignIn.bundle/fr_CA.lproj/GoogleSignIn.strings
2025-05-23 18:31:14 +0000  copying file ./GoogleSignIn_GoogleSignIn.bundle/fr.lproj/GoogleSignIn.strings ... 
2025-05-23 18:31:14 +0000  1676 bytes for ./GoogleSignIn_GoogleSignIn.bundle/fr.lproj/GoogleSignIn.strings
2025-05-23 18:31:14 +0000  copying file ./GoogleSignIn_GoogleSignIn.bundle/fi.lproj/GoogleSignIn.strings ... 
2025-05-23 18:31:14 +0000  1640 bytes for ./GoogleSignIn_GoogleSignIn.bundle/fi.lproj/GoogleSignIn.strings
2025-05-23 18:31:14 +0000  copying file ./GoogleSignIn_GoogleSignIn.bundle/id.lproj/GoogleSignIn.strings ... 
2025-05-23 18:31:14 +0000  1553 bytes for ./GoogleSignIn_GoogleSignIn.bundle/id.lproj/GoogleSignIn.strings
2025-05-23 18:31:14 +0000  copying file ./GoogleSignIn_GoogleSignIn.bundle/nl.lproj/GoogleSignIn.strings ... 
2025-05-23 18:31:14 +0000  1606 bytes for ./GoogleSignIn_GoogleSignIn.bundle/nl.lproj/GoogleSignIn.strings
2025-05-23 18:31:14 +0000  copying file ./GoogleSignIn_GoogleSignIn.bundle/th.lproj/GoogleSignIn.strings ... 
2025-05-23 18:31:14 +0000  2133 bytes for ./GoogleSignIn_GoogleSignIn.bundle/th.lproj/GoogleSignIn.strings
2025-05-23 18:31:14 +0000  copying file ./GoogleSignIn_GoogleSignIn.bundle/pt.lproj/GoogleSignIn.strings ... 
2025-05-23 18:31:14 +0000  1608 bytes for ./GoogleSignIn_GoogleSignIn.bundle/pt.lproj/GoogleSignIn.strings
2025-05-23 18:31:14 +0000  copying file ./GoogleSignIn_GoogleSignIn.bundle/google.png ... 
2025-05-23 18:31:14 +0000  572 bytes for ./GoogleSignIn_GoogleSignIn.bundle/google.png
2025-05-23 18:31:14 +0000  copying file ./GoogleSignIn_GoogleSignIn.bundle/Roboto-Bold.ttf ... 
2025-05-23 18:31:14 +0000  127744 bytes for ./GoogleSignIn_GoogleSignIn.bundle/Roboto-Bold.ttf
2025-05-23 18:31:14 +0000  copying file ./GoogleSignIn_GoogleSignIn.bundle/ro.lproj/GoogleSignIn.strings ... 
2025-05-23 18:31:14 +0000  1598 bytes for ./GoogleSignIn_GoogleSignIn.bundle/ro.lproj/GoogleSignIn.strings
2025-05-23 18:31:14 +0000  copying file ./GoogleSignIn_GoogleSignIn.bundle/Info.plist ... 
2025-05-23 18:31:14 +0000  702 bytes for ./GoogleSignIn_GoogleSignIn.bundle/Info.plist
2025-05-23 18:31:14 +0000  copying file ./GoogleSignIn_GoogleSignIn.bundle/hr.lproj/GoogleSignIn.strings ... 
2025-05-23 18:31:14 +0000  1621 bytes for ./GoogleSignIn_GoogleSignIn.bundle/hr.lproj/GoogleSignIn.strings
2025-05-23 18:31:14 +0000  copying file ./GoogleSignIn_GoogleSignIn.bundle/hi.lproj/GoogleSignIn.strings ... 
2025-05-23 18:31:14 +0000  2286 bytes for ./GoogleSignIn_GoogleSignIn.bundle/hi.lproj/GoogleSignIn.strings
2025-05-23 18:31:14 +0000  copying file ./GoogleSignIn_GoogleSignIn.bundle/ca.lproj/GoogleSignIn.strings ... 
2025-05-23 18:31:14 +0000  1669 bytes for ./GoogleSignIn_GoogleSignIn.bundle/ca.lproj/GoogleSignIn.strings
2025-05-23 18:31:14 +0000  copying file ./nanopb_nanopb.bundle/PrivacyInfo.xcprivacy ... 
2025-05-23 18:31:14 +0000  374 bytes for ./nanopb_nanopb.bundle/PrivacyInfo.xcprivacy
2025-05-23 18:31:14 +0000  copying file ./nanopb_nanopb.bundle/Info.plist ... 
2025-05-23 18:31:14 +0000  672 bytes for ./nanopb_nanopb.bundle/Info.plist
2025-05-23 18:31:14 +0000  copying file ./AppIcon60x60@2x.png ... 
2025-05-23 18:31:14 +0000  3527 bytes for ./AppIcon60x60@2x.png
2025-05-23 18:31:14 +0000  copying file ./GoogleUtilities_GoogleUtilities-AppDelegateSwizzler.bundle/PrivacyInfo.xcprivacy ... 
2025-05-23 18:31:14 +0000  478 bytes for ./GoogleUtilities_GoogleUtilities-AppDelegateSwizzler.bundle/PrivacyInfo.xcprivacy
2025-05-23 18:31:14 +0000  copying file ./GoogleUtilities_GoogleUtilities-AppDelegateSwizzler.bundle/Info.plist ... 
2025-05-23 18:31:14 +0000  750 bytes for ./GoogleUtilities_GoogleUtilities-AppDelegateSwizzler.bundle/Info.plist
2025-05-23 18:31:14 +0000  copying file ./GoogleUtilities_GoogleUtilities-NSData.bundle/PrivacyInfo.xcprivacy ... 
2025-05-23 18:31:14 +0000  478 bytes for ./GoogleUtilities_GoogleUtilities-NSData.bundle/PrivacyInfo.xcprivacy
2025-05-23 18:31:14 +0000  copying file ./GoogleUtilities_GoogleUtilities-NSData.bundle/Info.plist ... 
2025-05-23 18:31:14 +0000  724 bytes for ./GoogleUtilities_GoogleUtilities-NSData.bundle/Info.plist
2025-05-23 18:31:14 +0000  copying file ./Firebase_FirebaseInstallations.bundle/PrivacyInfo.xcprivacy ... 
2025-05-23 18:31:14 +0000  1105 bytes for ./Firebase_FirebaseInstallations.bundle/PrivacyInfo.xcprivacy
2025-05-23 18:31:14 +0000  copying file ./Firebase_FirebaseInstallations.bundle/Info.plist ... 
2025-05-23 18:31:14 +0000  716 bytes for ./Firebase_FirebaseInstallations.bundle/Info.plist
2025-05-23 18:31:14 +0000  copying file ./Firebase_FirebaseCoreInternal.bundle/PrivacyInfo.xcprivacy ... 
2025-05-23 18:31:14 +0000  855 bytes for ./Firebase_FirebaseCoreInternal.bundle/PrivacyInfo.xcprivacy
2025-05-23 18:31:14 +0000  copying file ./Firebase_FirebaseCoreInternal.bundle/Info.plist ... 
2025-05-23 18:31:14 +0000  714 bytes for ./Firebase_FirebaseCoreInternal.bundle/Info.plist
2025-05-23 18:31:14 +0000  copying file ./Firebase_FirebaseAuth.bundle/PrivacyInfo.xcprivacy ... 
2025-05-23 18:31:14 +0000  2102 bytes for ./Firebase_FirebaseAuth.bundle/PrivacyInfo.xcprivacy
2025-05-23 18:31:14 +0000  copying file ./Firebase_FirebaseAuth.bundle/Info.plist ... 
2025-05-23 18:31:14 +0000  698 bytes for ./Firebase_FirebaseAuth.bundle/Info.plist
2025-05-23 18:31:14 +0000  copying file ./AppAuth_AppAuth.bundle/PrivacyInfo.xcprivacy ... 
2025-05-23 18:31:14 +0000  391 bytes for ./AppAuth_AppAuth.bundle/PrivacyInfo.xcprivacy
2025-05-23 18:31:14 +0000  copying file ./AppAuth_AppAuth.bundle/Info.plist ... 
2025-05-23 18:31:14 +0000  682 bytes for ./AppAuth_AppAuth.bundle/Info.plist
2025-05-23 18:31:14 +0000  copying file ./GoogleUtilities_GoogleUtilities-Logger.bundle/PrivacyInfo.xcprivacy ... 
2025-05-23 18:31:14 +0000  478 bytes for ./GoogleUtilities_GoogleUtilities-Logger.bundle/PrivacyInfo.xcprivacy
2025-05-23 18:31:14 +0000  copying file ./GoogleUtilities_GoogleUtilities-Logger.bundle/Info.plist ... 
2025-05-23 18:31:14 +0000  724 bytes for ./GoogleUtilities_GoogleUtilities-Logger.bundle/Info.plist
2025-05-23 18:31:14 +0000  copying file ./GoogleUtilities_GoogleUtilities-Reachability.bundle/PrivacyInfo.xcprivacy ... 
2025-05-23 18:31:14 +0000  478 bytes for ./GoogleUtilities_GoogleUtilities-Reachability.bundle/PrivacyInfo.xcprivacy
2025-05-23 18:31:14 +0000  copying file ./GoogleUtilities_GoogleUtilities-Reachability.bundle/Info.plist ... 
2025-05-23 18:31:14 +0000  736 bytes for ./GoogleUtilities_GoogleUtilities-Reachability.bundle/Info.plist
2025-05-23 18:31:14 +0000  copying file ./Firebase_FirebaseMessaging.bundle/PrivacyInfo.xcprivacy ... 
2025-05-23 18:31:14 +0000  2357 bytes for ./Firebase_FirebaseMessaging.bundle/PrivacyInfo.xcprivacy
2025-05-23 18:31:14 +0000  copying file ./Firebase_FirebaseMessaging.bundle/Info.plist ... 
2025-05-23 18:31:14 +0000  708 bytes for ./Firebase_FirebaseMessaging.bundle/Info.plist
2025-05-23 18:31:14 +0000  copying file ./GoogleService-Info.plist ... 
2025-05-23 18:31:14 +0000  773 bytes for ./GoogleService-Info.plist
2025-05-23 18:31:14 +0000  copying file ./AppAuth_AppAuthCore.bundle/PrivacyInfo.xcprivacy ... 
2025-05-23 18:31:14 +0000  391 bytes for ./AppAuth_AppAuthCore.bundle/PrivacyInfo.xcprivacy
2025-05-23 18:31:14 +0000  copying file ./AppAuth_AppAuthCore.bundle/Info.plist ... 
2025-05-23 18:31:14 +0000  690 bytes for ./AppAuth_AppAuthCore.bundle/Info.plist
2025-05-23 18:31:14 +0000  copying file ./GoogleDataTransport_GoogleDataTransport.bundle/PrivacyInfo.xcprivacy ... 
2025-05-23 18:31:14 +0000  1105 bytes for ./GoogleDataTransport_GoogleDataTransport.bundle/PrivacyInfo.xcprivacy
2025-05-23 18:31:14 +0000  copying file ./GoogleDataTransport_GoogleDataTransport.bundle/Info.plist ... 
2025-05-23 18:31:14 +0000  726 bytes for ./GoogleDataTransport_GoogleDataTransport.bundle/Info.plist
2025-05-23 18:31:14 +0000  copying file ./Promises_FBLPromises.bundle/PrivacyInfo.xcprivacy ... 
2025-05-23 18:31:14 +0000  373 bytes for ./Promises_FBLPromises.bundle/PrivacyInfo.xcprivacy
2025-05-23 18:31:14 +0000  copying file ./Promises_FBLPromises.bundle/Info.plist ... 
2025-05-23 18:31:14 +0000  688 bytes for ./Promises_FBLPromises.bundle/Info.plist
2025-05-23 18:31:14 +0000  copying file ./GoogleUtilities_GoogleUtilities-Network.bundle/PrivacyInfo.xcprivacy ... 
2025-05-23 18:31:14 +0000  856 bytes for ./GoogleUtilities_GoogleUtilities-Network.bundle/PrivacyInfo.xcprivacy
2025-05-23 18:31:14 +0000  copying file ./GoogleUtilities_GoogleUtilities-Network.bundle/Info.plist ... 
2025-05-23 18:31:14 +0000  726 bytes for ./GoogleUtilities_GoogleUtilities-Network.bundle/Info.plist
2025-05-23 18:31:14 +0000  copying file ./Assets.car ... 
2025-05-23 18:31:14 +0000  306431 bytes for ./Assets.car
2025-05-23 18:31:14 +0000  copying file ./.gitignore ... 
2025-05-23 18:31:14 +0000  2690 bytes for ./.gitignore
2025-05-23 18:31:14 +0000  copying file ./AppIcon76x76@2x~ipad.png ... 
2025-05-23 18:31:14 +0000  5132 bytes for ./AppIcon76x76@2x~ipad.png
2025-05-23 18:31:14 +0000  copying file ./Firebase_FirebaseCoreExtension.bundle/PrivacyInfo.xcprivacy ... 
2025-05-23 18:31:14 +0000  478 bytes for ./Firebase_FirebaseCoreExtension.bundle/PrivacyInfo.xcprivacy
2025-05-23 18:31:14 +0000  copying file ./Firebase_FirebaseCoreExtension.bundle/Info.plist ... 
2025-05-23 18:31:14 +0000  716 bytes for ./Firebase_FirebaseCoreExtension.bundle/Info.plist
2025-05-23 18:31:14 +0000  copying file ./K-Visa ... 
2025-05-23 18:31:14 +0000  4161520 bytes for ./K-Visa
2025-05-23 18:31:14 +0000  copying file ./GoogleUtilities_GoogleUtilities-UserDefaults.bundle/PrivacyInfo.xcprivacy ... 
911 bytes for ./GoogleUtilities_GoogleUtilities-UserDefaults.bundle/PrivacyInfo.xcprivacy
copying file ./GoogleUtilities_GoogleUtilities-UserDefaults.bundle/Info.plist ... 
736 bytes for ./GoogleUtilities_GoogleUtilities-UserDefaults.bundle/Info.plist
2025-05-23 18:31:14 +0000  copying file ./GoogleUtilities_GoogleUtilities-Environment.bundle/PrivacyInfo.xcprivacy ... 
2025-05-23 18:31:14 +0000  855 bytes for ./GoogleUtilities_GoogleUtilities-Environment.bundle/PrivacyInfo.xcprivacy
2025-05-23 18:31:14 +0000  copying file ./GoogleUtilities_GoogleUtilities-Environment.bundle/Info.plist ... 
2025-05-23 18:31:14 +0000  734 bytes for ./GoogleUtilities_GoogleUtilities-Environment.bundle/Info.plist
2025-05-23 18:31:14 +0000  copying file ./Frameworks/GoogleAppMeasurement.framework/_CodeSignature/CodeResources ... 
2025-05-23 18:31:14 +0000  1798 bytes for ./Frameworks/GoogleAppMeasurement.framework/_CodeSignature/CodeResources
2025-05-23 18:31:14 +0000  copying file ./Frameworks/GoogleAppMeasurement.framework/GoogleAppMeasurement ... 
2025-05-23 18:31:14 +0000  51488 bytes for ./Frameworks/GoogleAppMeasurement.framework/GoogleAppMeasurement
2025-05-23 18:31:14 +0000  copying file ./Frameworks/GoogleAppMeasurement.framework/Info.plist ... 
2025-05-23 18:31:14 +0000  1555 bytes for ./Frameworks/GoogleAppMeasurement.framework/Info.plist
2025-05-23 18:31:14 +0000  copying file ./Frameworks/FirebaseAnalytics.framework/_CodeSignature/CodeResources ... 
2025-05-23 18:31:14 +0000  1798 bytes for ./Frameworks/FirebaseAnalytics.framework/_CodeSignature/CodeResources
2025-05-23 18:31:14 +0000  copying file ./Frameworks/FirebaseAnalytics.framework/FirebaseAnalytics ... 
2025-05-23 18:31:14 +0000  51472 bytes for ./Frameworks/FirebaseAnalytics.framework/FirebaseAnalytics
2025-05-23 18:31:14 +0000  copying file ./Frameworks/FirebaseAnalytics.framework/Info.plist ... 
2025-05-23 18:31:14 +0000  1546 bytes for ./Frameworks/FirebaseAnalytics.framework/Info.plist
2025-05-23 18:31:14 +0000  copying file ./Frameworks/GoogleAppMeasurementIdentitySupport.framework/_CodeSignature/CodeResources ... 
2025-05-23 18:31:14 +0000  1798 bytes for ./Frameworks/GoogleAppMeasurementIdentitySupport.framework/_CodeSignature/CodeResources
2025-05-23 18:31:14 +0000  copying file ./Frameworks/GoogleAppMeasurementIdentitySupport.framework/GoogleAppMeasurementIdentitySupport ... 
2025-05-23 18:31:14 +0000  51520 bytes for ./Frameworks/GoogleAppMeasurementIdentitySupport.framework/GoogleAppMeasurementIdentitySupport
2025-05-23 18:31:14 +0000  copying file ./Frameworks/GoogleAppMeasurementIdentitySupport.framework/Info.plist ... 
2025-05-23 18:31:14 +0000  1600 bytes for ./Frameworks/GoogleAppMeasurementIdentitySupport.framework/Info.plist
2025-05-23 18:31:14 +0000  copying file ./GoogleUtilities_GoogleUtilities-MethodSwizzler.bundle/PrivacyInfo.xcprivacy ... 
2025-05-23 18:31:14 +0000  478 bytes for ./GoogleUtilities_GoogleUtilities-MethodSwizzler.bundle/PrivacyInfo.xcprivacy
2025-05-23 18:31:14 +0000  copying file ./GoogleUtilities_GoogleUtilities-MethodSwizzler.bundle/Info.plist ... 
2025-05-23 18:31:14 +0000  740 bytes for ./GoogleUtilities_GoogleUtilities-MethodSwizzler.bundle/Info.plist
2025-05-23 18:31:14 +0000  copying file ./embedded.mobileprovision ... 
2025-05-23 18:31:14 +0000  16625 bytes for ./embedded.mobileprovision
2025-05-23 18:31:14 +0000  copying file ./Info.plist ... 
2025-05-23 18:31:14 +0000  2019 bytes for ./Info.plist
2025-05-23 18:31:14 +0000  copying file ./GTMAppAuth_GTMAppAuth.bundle/PrivacyInfo.xcprivacy ... 
2025-05-23 18:31:14 +0000  373 bytes for ./GTMAppAuth_GTMAppAuth.bundle/PrivacyInfo.xcprivacy
2025-05-23 18:31:14 +0000  copying file ./GTMAppAuth_GTMAppAuth.bundle/Info.plist ... 
2025-05-23 18:31:14 +0000  690 bytes for ./GTMAppAuth_GTMAppAuth.bundle/Info.plist
2025-05-23 18:31:14 +0000  copying file ./PkgInfo ... 
2025-05-23 18:31:14 +0000  8 bytes for ./PkgInfo
2025-05-23 18:31:14 +0000  copying file ./GoogleSignIn_GoogleSignInSwift.bundle/PrivacyInfo.xcprivacy ... 
2025-05-23 18:31:14 +0000  373 bytes for ./GoogleSignIn_GoogleSignInSwift.bundle/PrivacyInfo.xcprivacy
2025-05-23 18:31:14 +0000  copying file ./GoogleSignIn_GoogleSignInSwift.bundle/Info.plist ... 
2025-05-23 18:31:14 +0000  712 bytes for ./GoogleSignIn_GoogleSignInSwift.bundle/Info.plist
2025-05-23 18:31:14 +0000  /usr/bin/ditto exited with 0
2025-05-23 18:31:14 +0000  Processing step: IDEDistributionEmbedProfileStep
2025-05-23 18:31:14 +0000  Skipping profile for item: <IDEDistributionItem: 0x60001d661560; bundleID='org.cocoapods.FirebaseAnalytics', path='<DVTFilePath:0x60000d5abaa0:'/Users/jeong-yuseog/Library/Developer/Xcode/Archives/2025-05-23/K-Visa 5-23-25, 13.02 2.xcarchive/Products/Applications/K-Visa.app/Frameworks/FirebaseAnalytics.framework'>', codeSigningInfo='<_DVTCodeSigningInformation_Path: 0x600019c106e0; isSigned='1', isAdHocSigned='0', signingCertificate='<DVTSigningCertificate: 0x600004600cc0; name='Apple Development: eun sun park (36P2CNAGT8)', hash='11B29D0CF003496B6AEEBD0A7270AF1710039440', serialNumber='2B54CBB71A2F84957702873408FDBA3F', certificateKinds='(
    "1.2.840.113635.100.6.1.12",
    "1.2.840.113635.100.6.1.2"
), issueDate='2025-05-22 08:08:46 +0000''>', entitlements='(null)', teamID='6A226BWKP3', identifier='org.cocoapods.FirebaseAnalytics', executablePath='<DVTFilePath:0x60000d5abb80:'/Users/jeong-yuseog/Library/Developer/Xcode/Archives/2025-05-23/K-Visa 5-23-25, 13.02 2.xcarchive/Products/Applications/K-Visa.app/Frameworks/FirebaseAnalytics.framework/FirebaseAnalytics'>', hardenedRuntime='0'>'>
2025-05-23 18:31:14 +0000  Skipping profile for item: <IDEDistributionItem: 0x60001d64c5a0; bundleID='org.cocoapods.GoogleAppMeasurement', path='<DVTFilePath:0x60000d5a9ea0:'/Users/jeong-yuseog/Library/Developer/Xcode/Archives/2025-05-23/K-Visa 5-23-25, 13.02 2.xcarchive/Products/Applications/K-Visa.app/Frameworks/GoogleAppMeasurement.framework'>', codeSigningInfo='<_DVTCodeSigningInformation_Path: 0x600019c31680; isSigned='1', isAdHocSigned='0', signingCertificate='<DVTSigningCertificate: 0x600004600cc0; name='Apple Development: eun sun park (36P2CNAGT8)', hash='11B29D0CF003496B6AEEBD0A7270AF1710039440', serialNumber='2B54CBB71A2F84957702873408FDBA3F', certificateKinds='(
    "1.2.840.113635.100.6.1.12",
    "1.2.840.113635.100.6.1.2"
), issueDate='2025-05-22 08:08:46 +0000''>', entitlements='(null)', teamID='6A226BWKP3', identifier='org.cocoapods.GoogleAppMeasurement', executablePath='<DVTFilePath:0x60000d5aa680:'/Users/jeong-yuseog/Library/Developer/Xcode/Archives/2025-05-23/K-Visa 5-23-25, 13.02 2.xcarchive/Products/Applications/K-Visa.app/Frameworks/GoogleAppMeasurement.framework/GoogleAppMeasurement'>', hardenedRuntime='0'>'>
2025-05-23 18:31:14 +0000  Skipping profile for item: <IDEDistributionItem: 0x60001d637de0; bundleID='org.cocoapods.GoogleAppMeasurementIdentitySupport', path='<DVTFilePath:0x60000d2f3700:'/Users/jeong-yuseog/Library/Developer/Xcode/Archives/2025-05-23/K-Visa 5-23-25, 13.02 2.xcarchive/Products/Applications/K-Visa.app/Frameworks/GoogleAppMeasurementIdentitySupport.framework'>', codeSigningInfo='<_DVTCodeSigningInformation_Path: 0x600019c102d0; isSigned='1', isAdHocSigned='0', signingCertificate='<DVTSigningCertificate: 0x600004600cc0; name='Apple Development: eun sun park (36P2CNAGT8)', hash='11B29D0CF003496B6AEEBD0A7270AF1710039440', serialNumber='2B54CBB71A2F84957702873408FDBA3F', certificateKinds='(
    "1.2.840.113635.100.6.1.12",
    "1.2.840.113635.100.6.1.2"
), issueDate='2025-05-22 08:08:46 +0000''>', entitlements='(null)', teamID='6A226BWKP3', identifier='org.cocoapods.GoogleAppMeasurementIdentitySupport', executablePath='<DVTFilePath:0x60000d2f3780:'/Users/jeong-yuseog/Library/Developer/Xcode/Archives/2025-05-23/K-Visa 5-23-25, 13.02 2.xcarchive/Products/Applications/K-Visa.app/Frameworks/GoogleAppMeasurementIdentitySupport.framework/GoogleAppMeasurementIdentitySupport'>', hardenedRuntime='0'>'>
2025-05-23 18:31:14 +0000  Processing step: IDEDistributionInfoPlistStep
2025-05-23 18:31:14 +0000  Skipping step: IDEDistributionInfoPlistStep because it said so
2025-05-23 18:31:14 +0000  Skipping step: IDEDistributionInfoPlistStep because it said so
2025-05-23 18:31:14 +0000  Skipping step: IDEDistributionInfoPlistStep because it said so
2025-05-23 18:31:14 +0000  Skipping step: IDEDistributionInfoPlistStep because it said so
2025-05-23 18:31:14 +0000  Processing step: IDEDistributionAppThinningPlistStep
2025-05-23 18:31:14 +0000  Skipping step: IDEDistributionAppThinningPlistStep because it said so
2025-05-23 18:31:14 +0000  Processing step: IDEDistributionSymbolsStep
2025-05-23 18:31:14 +0000  Skipping step: IDEDistributionSymbolsStep because it said so
2025-05-23 18:31:14 +0000  Processing step: IDEDistributionAppThinningStep
2025-05-23 18:31:14 +0000  Skipping step: IDEDistributionAppThinningStep because it said so
2025-05-23 18:31:14 +0000  Processing step: IDEDistributionArchThinningStep
2025-05-23 18:31:14 +0000  Item /Users/jeong-yuseog/Library/Developer/Xcode/Archives/2025-05-23/K-Visa 5-23-25, 13.02 2.xcarchive/Products/Applications/K-Visa.app/Frameworks/FirebaseAnalytics.framework doesn't have the entitlement com.apple.developer.web-browser-engine.host enabled, returning ["arm64e"]
2025-05-23 18:31:14 +0000  Archs to thin for item /Users/jeong-yuseog/Library/Developer/Xcode/Archives/2025-05-23/K-Visa 5-23-25, 13.02 2.xcarchive/Products/Applications/K-Visa.app/Frameworks/FirebaseAnalytics.framework are ["arm64e"]
2025-05-23 18:31:14 +0000  Running /Applications/Xcode.app/Contents/Developer/Toolchains/XcodeDefault.xctoolchain/usr/bin/lipo '/var/folders/2m/mbbfzhqx7m309jyf4920twhw0000gn/T/XcodeDistPipeline.~~~rMv22V/Root/Payload/K-Visa.app/Frameworks/FirebaseAnalytics.framework/FirebaseAnalytics' '-verify_arch' 'arm64e'
2025-05-23 18:31:14 +0000  /Applications/Xcode.app/Contents/Developer/Toolchains/XcodeDefault.xctoolchain/usr/bin/lipo exited with 1
2025-05-23 18:31:14 +0000  Skipping architecture thinning for item "FirebaseAnalytics" because arch "arm64e" wasn't found
2025-05-23 18:31:14 +0000  Item /Users/jeong-yuseog/Library/Developer/Xcode/Archives/2025-05-23/K-Visa 5-23-25, 13.02 2.xcarchive/Products/Applications/K-Visa.app/Frameworks/GoogleAppMeasurement.framework doesn't have the entitlement com.apple.developer.web-browser-engine.host enabled, returning ["arm64e"]
2025-05-23 18:31:14 +0000  Archs to thin for item /Users/jeong-yuseog/Library/Developer/Xcode/Archives/2025-05-23/K-Visa 5-23-25, 13.02 2.xcarchive/Products/Applications/K-Visa.app/Frameworks/GoogleAppMeasurement.framework are ["arm64e"]
2025-05-23 18:31:14 +0000  Running /Applications/Xcode.app/Contents/Developer/Toolchains/XcodeDefault.xctoolchain/usr/bin/lipo '/var/folders/2m/mbbfzhqx7m309jyf4920twhw0000gn/T/XcodeDistPipeline.~~~rMv22V/Root/Payload/K-Visa.app/Frameworks/GoogleAppMeasurement.framework/GoogleAppMeasurement' '-verify_arch' 'arm64e'
2025-05-23 18:31:14 +0000  /Applications/Xcode.app/Contents/Developer/Toolchains/XcodeDefault.xctoolchain/usr/bin/lipo exited with 1
2025-05-23 18:31:14 +0000  Skipping architecture thinning for item "GoogleAppMeasurement" because arch "arm64e" wasn't found
2025-05-23 18:31:14 +0000  Item /Users/jeong-yuseog/Library/Developer/Xcode/Archives/2025-05-23/K-Visa 5-23-25, 13.02 2.xcarchive/Products/Applications/K-Visa.app/Frameworks/GoogleAppMeasurementIdentitySupport.framework doesn't have the entitlement com.apple.developer.web-browser-engine.host enabled, returning ["arm64e"]
2025-05-23 18:31:14 +0000  Archs to thin for item /Users/jeong-yuseog/Library/Developer/Xcode/Archives/2025-05-23/K-Visa 5-23-25, 13.02 2.xcarchive/Products/Applications/K-Visa.app/Frameworks/GoogleAppMeasurementIdentitySupport.framework are ["arm64e"]
2025-05-23 18:31:14 +0000  Running /Applications/Xcode.app/Contents/Developer/Toolchains/XcodeDefault.xctoolchain/usr/bin/lipo '/var/folders/2m/mbbfzhqx7m309jyf4920twhw0000gn/T/XcodeDistPipeline.~~~rMv22V/Root/Payload/K-Visa.app/Frameworks/GoogleAppMeasurementIdentitySupport.framework/GoogleAppMeasurementIdentitySupport' '-verify_arch' 'arm64e'
2025-05-23 18:31:14 +0000  /Applications/Xcode.app/Contents/Developer/Toolchains/XcodeDefault.xctoolchain/usr/bin/lipo exited with 1
2025-05-23 18:31:14 +0000  Skipping architecture thinning for item "GoogleAppMeasurementIdentitySupport" because arch "arm64e" wasn't found
2025-05-23 18:31:14 +0000  Item /Users/jeong-yuseog/Library/Developer/Xcode/Archives/2025-05-23/K-Visa 5-23-25, 13.02 2.xcarchive/Products/Applications/K-Visa.app doesn't have the entitlement com.apple.developer.web-browser-engine.host enabled, returning ["arm64e"]
2025-05-23 18:31:14 +0000  Archs to thin for item /Users/jeong-yuseog/Library/Developer/Xcode/Archives/2025-05-23/K-Visa 5-23-25, 13.02 2.xcarchive/Products/Applications/K-Visa.app are ["arm64e"]
2025-05-23 18:31:14 +0000  Running /Applications/Xcode.app/Contents/Developer/Toolchains/XcodeDefault.xctoolchain/usr/bin/lipo '/var/folders/2m/mbbfzhqx7m309jyf4920twhw0000gn/T/XcodeDistPipeline.~~~rMv22V/Root/Payload/K-Visa.app/K-Visa' '-verify_arch' 'arm64e'
2025-05-23 18:31:14 +0000  /Applications/Xcode.app/Contents/Developer/Toolchains/XcodeDefault.xctoolchain/usr/bin/lipo exited with 1
2025-05-23 18:31:14 +0000  Skipping architecture thinning for item "K-Visa" because arch "arm64e" wasn't found
2025-05-23 18:31:14 +0000  Processing step: IDEDistributionODRStep
2025-05-23 18:31:14 +0000  Processing step: IDEDistributionStripXattrsStep
2025-05-23 18:31:14 +0000  Skipping stripping extended attributes because the codesign step will strip them.
2025-05-23 18:31:14 +0000  Skipping stripping extended attributes because the codesign step will strip them.
2025-05-23 18:31:14 +0000  Skipping stripping extended attributes because the codesign step will strip them.
2025-05-23 18:31:14 +0000  Skipping stripping extended attributes because the codesign step will strip them.
2025-05-23 18:31:14 +0000  Processing step: IDEDistributionCodesignStep
2025-05-23 18:31:14 +0000  Entitlements for <IDEDistributionItem: 0x60001d661560; bundleID='org.cocoapods.FirebaseAnalytics', path='<DVTFilePath:0x60000d5abaa0:'/Users/jeong-yuseog/Library/Developer/Xcode/Archives/2025-05-23/K-Visa 5-23-25, 13.02 2.xcarchive/Products/Applications/K-Visa.app/Frameworks/FirebaseAnalytics.framework'>', codeSigningInfo='<_DVTCodeSigningInformation_Path: 0x600019c106e0; isSigned='1', isAdHocSigned='0', signingCertificate='<DVTSigningCertificate: 0x60000460c3c0; name='Apple Development: eun sun park (36P2CNAGT8)', hash='11B29D0CF003496B6AEEBD0A7270AF1710039440', serialNumber='2B54CBB71A2F84957702873408FDBA3F', certificateKinds='(
    "1.2.840.113635.100.6.1.12",
    "1.2.840.113635.100.6.1.2"
), issueDate='2025-05-22 08:08:46 +0000''>', entitlements='(null)', teamID='6A226BWKP3', identifier='org.cocoapods.FirebaseAnalytics', executablePath='<DVTFilePath:0x60000d5abb80:'/Users/jeong-yuseog/Library/Developer/Xcode/Archives/2025-05-23/K-Visa 5-23-25, 13.02 2.xcarchive/Products/Applications/K-Visa.app/Frameworks/FirebaseAnalytics.framework/FirebaseAnalytics'>', hardenedRuntime='0'>'>: {
}
2025-05-23 18:31:14 +0000  Associated App Clip Identifiers Filter: Skipping because "com.apple.developer.associated-appclip-app-identifiers" is not present
2025-05-23 18:31:14 +0000  Entitlements for <IDEDistributionItem: 0x60001d661560; bundleID='org.cocoapods.FirebaseAnalytics', path='<DVTFilePath:0x60000d5abaa0:'/Users/jeong-yuseog/Library/Developer/Xcode/Archives/2025-05-23/K-Visa 5-23-25, 13.02 2.xcarchive/Products/Applications/K-Visa.app/Frameworks/FirebaseAnalytics.framework'>', codeSigningInfo='<_DVTCodeSigningInformation_Path: 0x600019c106e0; isSigned='1', isAdHocSigned='0', signingCertificate='<DVTSigningCertificate: 0x600004600cc0; name='Apple Development: eun sun park (36P2CNAGT8)', hash='11B29D0CF003496B6AEEBD0A7270AF1710039440', serialNumber='2B54CBB71A2F84957702873408FDBA3F', certificateKinds='(
    "1.2.840.113635.100.6.1.12",
    "1.2.840.113635.100.6.1.2"
), issueDate='2025-05-22 08:08:46 +0000''>', entitlements='(null)', teamID='6A226BWKP3', identifier='org.cocoapods.FirebaseAnalytics', executablePath='<DVTFilePath:0x60000d5abb80:'/Users/jeong-yuseog/Library/Developer/Xcode/Archives/2025-05-23/K-Visa 5-23-25, 13.02 2.xcarchive/Products/Applications/K-Visa.app/Frameworks/FirebaseAnalytics.framework/FirebaseAnalytics'>', hardenedRuntime='0'>'> are: {
}
2025-05-23 18:31:14 +0000  Writing entitlements for <IDEDistributionItem: 0x60001d661560; bundleID='org.cocoapods.FirebaseAnalytics', path='<DVTFilePath:0x60000d5abaa0:'/Users/jeong-yuseog/Library/Developer/Xcode/Archives/2025-05-23/K-Visa 5-23-25, 13.02 2.xcarchive/Products/Applications/K-Visa.app/Frameworks/FirebaseAnalytics.framework'>', codeSigningInfo='<_DVTCodeSigningInformation_Path: 0x600019c106e0; isSigned='1', isAdHocSigned='0', signingCertificate='<DVTSigningCertificate: 0x60000460d740; name='Apple Development: eun sun park (36P2CNAGT8)', hash='11B29D0CF003496B6AEEBD0A7270AF1710039440', serialNumber='2B54CBB71A2F84957702873408FDBA3F', certificateKinds='(
    "1.2.840.113635.100.6.1.12",
    "1.2.840.113635.100.6.1.2"
), issueDate='2025-05-22 08:08:46 +0000''>', entitlements='(null)', teamID='6A226BWKP3', identifier='org.cocoapods.FirebaseAnalytics', executablePath='<DVTFilePath:0x60000d5abb80:'/Users/jeong-yuseog/Library/Developer/Xcode/Archives/2025-05-23/K-Visa 5-23-25, 13.02 2.xcarchive/Products/Applications/K-Visa.app/Frameworks/FirebaseAnalytics.framework/FirebaseAnalytics'>', hardenedRuntime='0'>'> to: /var/folders/2m/mbbfzhqx7m309jyf4920twhw0000gn/T/XcodeDistPipeline.~~~rMv22V/entitlements~~~yYRPHG
2025-05-23 18:31:14 +0000  invoking codesign: <NSConcreteTask: 0x600019c64050; launchPath='/usr/bin/codesign', arguments='(
    "-f",
    "-s",
    11B29D0CF003496B6AEEBD0A7270AF1710039440,
    "--entitlements",
    "/var/folders/2m/mbbfzhqx7m309jyf4920twhw0000gn/T/XcodeDistPipeline.~~~rMv22V/entitlements~~~yYRPHG",
    "--preserve-metadata=identifier,flags,runtime",
    "--generate-entitlement-der",
    "--strip-disallowed-xattrs",
    "-vvv",
    "/var/folders/2m/mbbfzhqx7m309jyf4920twhw0000gn/T/XcodeDistPipeline.~~~rMv22V/Root/Payload/K-Visa.app/Frameworks/FirebaseAnalytics.framework"
)'>
2025-05-23 18:31:15 +0000  codesign output: /var/folders/2m/mbbfzhqx7m309jyf4920twhw0000gn/T/XcodeDistPipeline.~~~rMv22V/Root/Payload/K-Visa.app/Frameworks/FirebaseAnalytics.framework: replacing existing signature
/var/folders/2m/mbbfzhqx7m309jyf4920twhw0000gn/T/XcodeDistPipeline.~~~rMv22V/Root/Payload/K-Visa.app/Frameworks/FirebaseAnalytics.framework: signed bundle with Mach-O universal (arm64) [org.cocoapods.FirebaseAnalytics]
2025-05-23 18:31:15 +0000  Entitlements for <IDEDistributionItem: 0x60001d64c5a0; bundleID='org.cocoapods.GoogleAppMeasurement', path='<DVTFilePath:0x60000d5a9ea0:'/Users/jeong-yuseog/Library/Developer/Xcode/Archives/2025-05-23/K-Visa 5-23-25, 13.02 2.xcarchive/Products/Applications/K-Visa.app/Frameworks/GoogleAppMeasurement.framework'>', codeSigningInfo='<_DVTCodeSigningInformation_Path: 0x600019c31680; isSigned='1', isAdHocSigned='0', signingCertificate='<DVTSigningCertificate: 0x600004618000; name='Apple Development: eun sun park (36P2CNAGT8)', hash='11B29D0CF003496B6AEEBD0A7270AF1710039440', serialNumber='2B54CBB71A2F84957702873408FDBA3F', certificateKinds='(
    "1.2.840.113635.100.6.1.12",
    "1.2.840.113635.100.6.1.2"
), issueDate='2025-05-22 08:08:46 +0000''>', entitlements='(null)', teamID='6A226BWKP3', identifier='org.cocoapods.GoogleAppMeasurement', executablePath='<DVTFilePath:0x60000d5aa680:'/Users/jeong-yuseog/Library/Developer/Xcode/Archives/2025-05-23/K-Visa 5-23-25, 13.02 2.xcarchive/Products/Applications/K-Visa.app/Frameworks/GoogleAppMeasurement.framework/GoogleAppMeasurement'>', hardenedRuntime='0'>'>: {
}
2025-05-23 18:31:15 +0000  Associated App Clip Identifiers Filter: Skipping because "com.apple.developer.associated-appclip-app-identifiers" is not present
2025-05-23 18:31:15 +0000  Entitlements for <IDEDistributionItem: 0x60001d64c5a0; bundleID='org.cocoapods.GoogleAppMeasurement', path='<DVTFilePath:0x60000d5a9ea0:'/Users/jeong-yuseog/Library/Developer/Xcode/Archives/2025-05-23/K-Visa 5-23-25, 13.02 2.xcarchive/Products/Applications/K-Visa.app/Frameworks/GoogleAppMeasurement.framework'>', codeSigningInfo='<_DVTCodeSigningInformation_Path: 0x600019c31680; isSigned='1', isAdHocSigned='0', signingCertificate='<DVTSigningCertificate: 0x600004633600; name='Apple Development: eun sun park (36P2CNAGT8)', hash='11B29D0CF003496B6AEEBD0A7270AF1710039440', serialNumber='2B54CBB71A2F84957702873408FDBA3F', certificateKinds='(
    "1.2.840.113635.100.6.1.12",
    "1.2.840.113635.100.6.1.2"
), issueDate='2025-05-22 08:08:46 +0000''>', entitlements='(null)', teamID='6A226BWKP3', identifier='org.cocoapods.GoogleAppMeasurement', executablePath='<DVTFilePath:0x60000d5aa680:'/Users/jeong-yuseog/Library/Developer/Xcode/Archives/2025-05-23/K-Visa 5-23-25, 13.02 2.xcarchive/Products/Applications/K-Visa.app/Frameworks/GoogleAppMeasurement.framework/GoogleAppMeasurement'>', hardenedRuntime='0'>'> are: {
}
2025-05-23 18:31:15 +0000  Writing entitlements for <IDEDistributionItem: 0x60001d64c5a0; bundleID='org.cocoapods.GoogleAppMeasurement', path='<DVTFilePath:0x60000d5a9ea0:'/Users/jeong-yuseog/Library/Developer/Xcode/Archives/2025-05-23/K-Visa 5-23-25, 13.02 2.xcarchive/Products/Applications/K-Visa.app/Frameworks/GoogleAppMeasurement.framework'>', codeSigningInfo='<_DVTCodeSigningInformation_Path: 0x600019c31680; isSigned='1', isAdHocSigned='0', signingCertificate='<DVTSigningCertificate: 0x60000460c3c0; name='Apple Development: eun sun park (36P2CNAGT8)', hash='11B29D0CF003496B6AEEBD0A7270AF1710039440', serialNumber='2B54CBB71A2F84957702873408FDBA3F', certificateKinds='(
    "1.2.840.113635.100.6.1.12",
    "1.2.840.113635.100.6.1.2"
), issueDate='2025-05-22 08:08:46 +0000''>', entitlements='(null)', teamID='6A226BWKP3', identifier='org.cocoapods.GoogleAppMeasurement', executablePath='<DVTFilePath:0x60000d5aa680:'/Users/jeong-yuseog/Library/Developer/Xcode/Archives/2025-05-23/K-Visa 5-23-25, 13.02 2.xcarchive/Products/Applications/K-Visa.app/Frameworks/GoogleAppMeasurement.framework/GoogleAppMeasurement'>', hardenedRuntime='0'>'> to: /var/folders/2m/mbbfzhqx7m309jyf4920twhw0000gn/T/XcodeDistPipeline.~~~rMv22V/entitlements~~~wdhZHE
2025-05-23 18:31:15 +0000  invoking codesign: <NSConcreteTask: 0x600019c65680; launchPath='/usr/bin/codesign', arguments='(
    "-f",
    "-s",
    11B29D0CF003496B6AEEBD0A7270AF1710039440,
    "--entitlements",
    "/var/folders/2m/mbbfzhqx7m309jyf4920twhw0000gn/T/XcodeDistPipeline.~~~rMv22V/entitlements~~~wdhZHE",
    "--preserve-metadata=identifier,flags,runtime",
    "--generate-entitlement-der",
    "--strip-disallowed-xattrs",
    "-vvv",
    "/var/folders/2m/mbbfzhqx7m309jyf4920twhw0000gn/T/XcodeDistPipeline.~~~rMv22V/Root/Payload/K-Visa.app/Frameworks/GoogleAppMeasurement.framework"
)'>
2025-05-23 18:31:15 +0000  codesign output: /var/folders/2m/mbbfzhqx7m309jyf4920twhw0000gn/T/XcodeDistPipeline.~~~rMv22V/Root/Payload/K-Visa.app/Frameworks/GoogleAppMeasurement.framework: replacing existing signature
/var/folders/2m/mbbfzhqx7m309jyf4920twhw0000gn/T/XcodeDistPipeline.~~~rMv22V/Root/Payload/K-Visa.app/Frameworks/GoogleAppMeasurement.framework: signed bundle with Mach-O universal (arm64) [org.cocoapods.GoogleAppMeasurement]
2025-05-23 18:31:15 +0000  Entitlements for <IDEDistributionItem: 0x60001d637de0; bundleID='org.cocoapods.GoogleAppMeasurementIdentitySupport', path='<DVTFilePath:0x60000d2f3700:'/Users/jeong-yuseog/Library/Developer/Xcode/Archives/2025-05-23/K-Visa 5-23-25, 13.02 2.xcarchive/Products/Applications/K-Visa.app/Frameworks/GoogleAppMeasurementIdentitySupport.framework'>', codeSigningInfo='<_DVTCodeSigningInformation_Path: 0x600019c102d0; isSigned='1', isAdHocSigned='0', signingCertificate='<DVTSigningCertificate: 0x600004600e40; name='Apple Development: eun sun park (36P2CNAGT8)', hash='11B29D0CF003496B6AEEBD0A7270AF1710039440', serialNumber='2B54CBB71A2F84957702873408FDBA3F', certificateKinds='(
    "1.2.840.113635.100.6.1.12",
    "1.2.840.113635.100.6.1.2"
), issueDate='2025-05-22 08:08:46 +0000''>', entitlements='(null)', teamID='6A226BWKP3', identifier='org.cocoapods.GoogleAppMeasurementIdentitySupport', executablePath='<DVTFilePath:0x60000d2f3780:'/Users/jeong-yuseog/Library/Developer/Xcode/Archives/2025-05-23/K-Visa 5-23-25, 13.02 2.xcarchive/Products/Applications/K-Visa.app/Frameworks/GoogleAppMeasurementIdentitySupport.framework/GoogleAppMeasurementIdentitySupport'>', hardenedRuntime='0'>'>: {
}
2025-05-23 18:31:15 +0000  Associated App Clip Identifiers Filter: Skipping because "com.apple.developer.associated-appclip-app-identifiers" is not present
2025-05-23 18:31:15 +0000  Entitlements for <IDEDistributionItem: 0x60001d637de0; bundleID='org.cocoapods.GoogleAppMeasurementIdentitySupport', path='<DVTFilePath:0x60000d2f3700:'/Users/jeong-yuseog/Library/Developer/Xcode/Archives/2025-05-23/K-Visa 5-23-25, 13.02 2.xcarchive/Products/Applications/K-Visa.app/Frameworks/GoogleAppMeasurementIdentitySupport.framework'>', codeSigningInfo='<_DVTCodeSigningInformation_Path: 0x600019c102d0; isSigned='1', isAdHocSigned='0', signingCertificate='<DVTSigningCertificate: 0x600004600cc0; name='Apple Development: eun sun park (36P2CNAGT8)', hash='11B29D0CF003496B6AEEBD0A7270AF1710039440', serialNumber='2B54CBB71A2F84957702873408FDBA3F', certificateKinds='(
    "1.2.840.113635.100.6.1.12",
    "1.2.840.113635.100.6.1.2"
), issueDate='2025-05-22 08:08:46 +0000''>', entitlements='(null)', teamID='6A226BWKP3', identifier='org.cocoapods.GoogleAppMeasurementIdentitySupport', executablePath='<DVTFilePath:0x60000d2f3780:'/Users/jeong-yuseog/Library/Developer/Xcode/Archives/2025-05-23/K-Visa 5-23-25, 13.02 2.xcarchive/Products/Applications/K-Visa.app/Frameworks/GoogleAppMeasurementIdentitySupport.framework/GoogleAppMeasurementIdentitySupport'>', hardenedRuntime='0'>'> are: {
}
2025-05-23 18:31:15 +0000  Writing entitlements for <IDEDistributionItem: 0x60001d637de0; bundleID='org.cocoapods.GoogleAppMeasurementIdentitySupport', path='<DVTFilePath:0x60000d2f3700:'/Users/jeong-yuseog/Library/Developer/Xcode/Archives/2025-05-23/K-Visa 5-23-25, 13.02 2.xcarchive/Products/Applications/K-Visa.app/Frameworks/GoogleAppMeasurementIdentitySupport.framework'>', codeSigningInfo='<_DVTCodeSigningInformation_Path: 0x600019c102d0; isSigned='1', isAdHocSigned='0', signingCertificate='<DVTSigningCertificate: 0x6000046015c0; name='Apple Development: eun sun park (36P2CNAGT8)', hash='11B29D0CF003496B6AEEBD0A7270AF1710039440', serialNumber='2B54CBB71A2F84957702873408FDBA3F', certificateKinds='(
    "1.2.840.113635.100.6.1.12",
    "1.2.840.113635.100.6.1.2"
), issueDate='2025-05-22 08:08:46 +0000''>', entitlements='(null)', teamID='6A226BWKP3', identifier='org.cocoapods.GoogleAppMeasurementIdentitySupport', executablePath='<DVTFilePath:0x60000d2f3780:'/Users/jeong-yuseog/Library/Developer/Xcode/Archives/2025-05-23/K-Visa 5-23-25, 13.02 2.xcarchive/Products/Applications/K-Visa.app/Frameworks/GoogleAppMeasurementIdentitySupport.framework/GoogleAppMeasurementIdentitySupport'>', hardenedRuntime='0'>'> to: /var/folders/2m/mbbfzhqx7m309jyf4920twhw0000gn/T/XcodeDistPipeline.~~~rMv22V/entitlements~~~HTzXF0
2025-05-23 18:31:15 +0000  invoking codesign: <NSConcreteTask: 0x600019c65680; launchPath='/usr/bin/codesign', arguments='(
    "-f",
    "-s",
    11B29D0CF003496B6AEEBD0A7270AF1710039440,
    "--entitlements",
    "/var/folders/2m/mbbfzhqx7m309jyf4920twhw0000gn/T/XcodeDistPipeline.~~~rMv22V/entitlements~~~HTzXF0",
    "--preserve-metadata=identifier,flags,runtime",
    "--generate-entitlement-der",
    "--strip-disallowed-xattrs",
    "-vvv",
    "/var/folders/2m/mbbfzhqx7m309jyf4920twhw0000gn/T/XcodeDistPipeline.~~~rMv22V/Root/Payload/K-Visa.app/Frameworks/GoogleAppMeasurementIdentitySupport.framework"
)'>
2025-05-23 18:31:15 +0000  codesign output: /var/folders/2m/mbbfzhqx7m309jyf4920twhw0000gn/T/XcodeDistPipeline.~~~rMv22V/Root/Payload/K-Visa.app/Frameworks/GoogleAppMeasurementIdentitySupport.framework: replacing existing signature
/var/folders/2m/mbbfzhqx7m309jyf4920twhw0000gn/T/XcodeDistPipeline.~~~rMv22V/Root/Payload/K-Visa.app/Frameworks/GoogleAppMeasurementIdentitySupport.framework: signed bundle with Mach-O universal (arm64) [org.cocoapods.GoogleAppMeasurementIdentitySupport]
2025-05-23 18:31:15 +0000  Entitlements for <IDEDistributionItem: 0x60001d662820; bundleID='com.kvisa.kvisaapp', path='<DVTFilePath:0x60001d9fb060:'/Users/jeong-yuseog/Library/Developer/Xcode/Archives/2025-05-23/K-Visa 5-23-25, 13.02 2.xcarchive/Products/Applications/K-Visa.app'>', codeSigningInfo='<_DVTCodeSigningInformation_Path: 0x600019c06760; isSigned='1', isAdHocSigned='0', signingCertificate='<DVTSigningCertificate: 0x60000460f600; name='Apple Development: eun sun park (36P2CNAGT8)', hash='11B29D0CF003496B6AEEBD0A7270AF1710039440', serialNumber='2B54CBB71A2F84957702873408FDBA3F', certificateKinds='(
    "1.2.840.113635.100.6.1.12",
    "1.2.840.113635.100.6.1.2"
), issueDate='2025-05-22 08:08:46 +0000''>', entitlements='{
    "application-identifier" = "6A226BWKP3.com.kvisa.kvisaapp";
    "aps-environment" = development;
    "com.apple.developer.applesignin" =     (
        Default
    );
    "com.apple.developer.team-identifier" = 6A226BWKP3;
    "get-task-allow" = 1;
}', teamID='6A226BWKP3', identifier='com.kvisa.kvisaapp', executablePath='<DVTFilePath:0x60001d67c000:'/Users/jeong-yuseog/Library/Developer/Xcode/Archives/2025-05-23/K-Visa 5-23-25, 13.02 2.xcarchive/Products/Applications/K-Visa.app/K-Visa'>', hardenedRuntime='0'>'>: {
    "application-identifier" = "6A226BWKP3.com.kvisa.kvisaapp";
    "aps-environment" = development;
    "com.apple.developer.applesignin" =     (
        Default
    );
    "com.apple.developer.team-identifier" = 6A226BWKP3;
    "get-task-allow" = 1;
}
2025-05-23 18:31:15 +0000  Associated App Clip Identifiers Filter: Skipping because "com.apple.developer.associated-appclip-app-identifiers" is not present
2025-05-23 18:31:15 +0000  Entitlements for <IDEDistributionItem: 0x60001d662820; bundleID='com.kvisa.kvisaapp', path='<DVTFilePath:0x60001d9fb060:'/Users/jeong-yuseog/Library/Developer/Xcode/Archives/2025-05-23/K-Visa 5-23-25, 13.02 2.xcarchive/Products/Applications/K-Visa.app'>', codeSigningInfo='<_DVTCodeSigningInformation_Path: 0x600019c06760; isSigned='1', isAdHocSigned='0', signingCertificate='<DVTSigningCertificate: 0x60000460cf00; name='Apple Development: eun sun park (36P2CNAGT8)', hash='11B29D0CF003496B6AEEBD0A7270AF1710039440', serialNumber='2B54CBB71A2F84957702873408FDBA3F', certificateKinds='(
    "1.2.840.113635.100.6.1.12",
    "1.2.840.113635.100.6.1.2"
), issueDate='2025-05-22 08:08:46 +0000''>', entitlements='{
    "application-identifier" = "6A226BWKP3.com.kvisa.kvisaapp";
    "aps-environment" = development;
    "com.apple.developer.applesignin" =     (
        Default
    );
    "com.apple.developer.team-identifier" = 6A226BWKP3;
    "get-task-allow" = 1;
}', teamID='6A226BWKP3', identifier='com.kvisa.kvisaapp', executablePath='<DVTFilePath:0x60001d67c000:'/Users/jeong-yuseog/Library/Developer/Xcode/Archives/2025-05-23/K-Visa 5-23-25, 13.02 2.xcarchive/Products/Applications/K-Visa.app/K-Visa'>', hardenedRuntime='0'>'> are: {
    "application-identifier" = "6A226BWKP3.com.kvisa.kvisaapp";
    "aps-environment" = development;
    "com.apple.developer.applesignin" =     (
        Default
    );
    "com.apple.developer.team-identifier" = 6A226BWKP3;
    "get-task-allow" = 1;
}
2025-05-23 18:31:15 +0000  Writing entitlements for <IDEDistributionItem: 0x60001d662820; bundleID='com.kvisa.kvisaapp', path='<DVTFilePath:0x60001d9fb060:'/Users/jeong-yuseog/Library/Developer/Xcode/Archives/2025-05-23/K-Visa 5-23-25, 13.02 2.xcarchive/Products/Applications/K-Visa.app'>', codeSigningInfo='<_DVTCodeSigningInformation_Path: 0x600019c06760; isSigned='1', isAdHocSigned='0', signingCertificate='<DVTSigningCertificate: 0x6000046015c0; name='Apple Development: eun sun park (36P2CNAGT8)', hash='11B29D0CF003496B6AEEBD0A7270AF1710039440', serialNumber='2B54CBB71A2F84957702873408FDBA3F', certificateKinds='(
    "1.2.840.113635.100.6.1.12",
    "1.2.840.113635.100.6.1.2"
), issueDate='2025-05-22 08:08:46 +0000''>', entitlements='{
    "application-identifier" = "6A226BWKP3.com.kvisa.kvisaapp";
    "aps-environment" = development;
    "com.apple.developer.applesignin" =     (
        Default
    );
    "com.apple.developer.team-identifier" = 6A226BWKP3;
    "get-task-allow" = 1;
}', teamID='6A226BWKP3', identifier='com.kvisa.kvisaapp', executablePath='<DVTFilePath:0x60001d67c000:'/Users/jeong-yuseog/Library/Developer/Xcode/Archives/2025-05-23/K-Visa 5-23-25, 13.02 2.xcarchive/Products/Applications/K-Visa.app/K-Visa'>', hardenedRuntime='0'>'> to: /var/folders/2m/mbbfzhqx7m309jyf4920twhw0000gn/T/XcodeDistPipeline.~~~rMv22V/entitlements~~~QJjeGL
2025-05-23 18:31:15 +0000  invoking codesign: <NSConcreteTask: 0x600019c65f40; launchPath='/usr/bin/codesign', arguments='(
    "-f",
    "-s",
    11B29D0CF003496B6AEEBD0A7270AF1710039440,
    "--entitlements",
    "/var/folders/2m/mbbfzhqx7m309jyf4920twhw0000gn/T/XcodeDistPipeline.~~~rMv22V/entitlements~~~QJjeGL",
    "--preserve-metadata=identifier,flags,runtime",
    "--generate-entitlement-der",
    "--strip-disallowed-xattrs",
    "-vvv",
    "/var/folders/2m/mbbfzhqx7m309jyf4920twhw0000gn/T/XcodeDistPipeline.~~~rMv22V/Root/Payload/K-Visa.app"
)'>
2025-05-23 18:31:15 +0000  codesign output: /var/folders/2m/mbbfzhqx7m309jyf4920twhw0000gn/T/XcodeDistPipeline.~~~rMv22V/Root/Payload/K-Visa.app: replacing existing signature
/var/folders/2m/mbbfzhqx7m309jyf4920twhw0000gn/T/XcodeDistPipeline.~~~rMv22V/Root/Payload/K-Visa.app: signed app bundle with Mach-O thin (arm64) [com.kvisa.kvisaapp]
2025-05-23 18:31:15 +0000  Processing step: IDEDistributionZipODRItemStep
2025-05-23 18:31:15 +0000  Skipping step: IDEDistributionZipODRItemStep because it said so
2025-05-23 18:31:15 +0000  Skipping step: IDEDistributionZipODRItemStep because it said so
2025-05-23 18:31:15 +0000  Skipping step: IDEDistributionZipODRItemStep because it said so
2025-05-23 18:31:15 +0000  Skipping step: IDEDistributionZipODRItemStep because it said so
2025-05-23 18:31:15 +0000  Processing step: IDEDistributionCreateIPAStep
2025-05-23 18:31:15 +0000  Running /usr/bin/ditto '-V' '-c' '-k' '--norsrc' '/var/folders/2m/mbbfzhqx7m309jyf4920twhw0000gn/T/XcodeDistPipeline.~~~rMv22V/Root' '/var/folders/2m/mbbfzhqx7m309jyf4920twhw0000gn/T/XcodeDistPipeline.~~~rMv22V/Packages/K-Visa.ipa'
2025-05-23 18:31:15 +0000  >>> Copying /var/folders/2m/mbbfzhqx7m309jyf4920twhw0000gn/T/XcodeDistPipeline.~~~rMv22V/Root 
2025-05-23 18:31:15 +0000  copying file ./Payload/K-Visa.app/_CodeSignature/CodeResources ... 
2025-05-23 18:31:15 +0000  36765 bytes for ./Payload/K-Visa.app/_CodeSignature/CodeResources
2025-05-23 18:31:15 +0000  copying file ./Payload/K-Visa.app/Firebase_FirebaseCore.bundle/PrivacyInfo.xcprivacy ... 
2025-05-23 18:31:15 +0000  855 bytes for ./Payload/K-Visa.app/Firebase_FirebaseCore.bundle/PrivacyInfo.xcprivacy
2025-05-23 18:31:15 +0000  copying file ./Payload/K-Visa.app/Firebase_FirebaseCore.bundle/Info.plist ... 
2025-05-23 18:31:15 +0000  698 bytes for ./Payload/K-Visa.app/Firebase_FirebaseCore.bundle/Info.plist
2025-05-23 18:31:15 +0000  copying file ./Payload/K-Visa.app/GTMSessionFetcher_GTMSessionFetcherCore.bundle/PrivacyInfo.xcprivacy ... 
2025-05-23 18:31:15 +0000  598 bytes for ./Payload/K-Visa.app/GTMSessionFetcher_GTMSessionFetcherCore.bundle/PrivacyInfo.xcprivacy
2025-05-23 18:31:15 +0000  copying file ./Payload/K-Visa.app/GTMSessionFetcher_GTMSessionFetcherCore.bundle/Info.plist ... 
2025-05-23 18:31:15 +0000  728 bytes for ./Payload/K-Visa.app/GTMSessionFetcher_GTMSessionFetcherCore.bundle/Info.plist
2025-05-23 18:31:15 +0000  copying file ./Payload/K-Visa.app/GoogleSignIn_GoogleSignIn.bundle/de.lproj/GoogleSignIn.strings ... 
2025-05-23 18:31:15 +0000  1703 bytes for ./Payload/K-Visa.app/GoogleSignIn_GoogleSignIn.bundle/de.lproj/GoogleSignIn.strings
2025-05-23 18:31:15 +0000  copying file ./Payload/K-Visa.app/GoogleSignIn_GoogleSignIn.bundle/he.lproj/GoogleSignIn.strings ... 
2025-05-23 18:31:15 +0000  1780 bytes for ./Payload/K-Visa.app/GoogleSignIn_GoogleSignIn.bundle/he.lproj/GoogleSignIn.strings
2025-05-23 18:31:15 +0000  copying file ./Payload/K-Visa.app/GoogleSignIn_GoogleSignIn.bundle/ar.lproj/GoogleSignIn.strings ... 
2025-05-23 18:31:15 +0000  1759 bytes for ./Payload/K-Visa.app/GoogleSignIn_GoogleSignIn.bundle/ar.lproj/GoogleSignIn.strings
2025-05-23 18:31:15 +0000  copying file ./Payload/K-Visa.app/GoogleSignIn_GoogleSignIn.bundle/el.lproj/GoogleSignIn.strings ... 
2025-05-23 18:31:15 +0000  2103 bytes for ./Payload/K-Visa.app/GoogleSignIn_GoogleSignIn.bundle/el.lproj/GoogleSignIn.strings
2025-05-23 18:31:15 +0000  copying file ./Payload/K-Visa.app/GoogleSignIn_GoogleSignIn.bundle/ja.lproj/GoogleSignIn.strings ... 
2025-05-23 18:31:15 +0000  1711 bytes for ./Payload/K-Visa.app/GoogleSignIn_GoogleSignIn.bundle/ja.lproj/GoogleSignIn.strings
2025-05-23 18:31:15 +0000  copying file ./Payload/K-Visa.app/GoogleSignIn_GoogleSignIn.bundle/en.lproj/GoogleSignIn.strings ... 
2025-05-23 18:31:15 +0000  1547 bytes for ./Payload/K-Visa.app/GoogleSignIn_GoogleSignIn.bundle/en.lproj/GoogleSignIn.strings
2025-05-23 18:31:15 +0000  copying file ./Payload/K-Visa.app/GoogleSignIn_GoogleSignIn.bundle/uk.lproj/GoogleSignIn.strings ... 
2025-05-23 18:31:15 +0000  1864 bytes for ./Payload/K-Visa.app/GoogleSignIn_GoogleSignIn.bundle/uk.lproj/GoogleSignIn.strings
2025-05-23 18:31:15 +0000  copying file ./Payload/K-Visa.app/GoogleSignIn_GoogleSignIn.bundle/es_MX.lproj/GoogleSignIn.strings ... 
2025-05-23 18:31:15 +0000  1607 bytes for ./Payload/K-Visa.app/GoogleSignIn_GoogleSignIn.bundle/es_MX.lproj/GoogleSignIn.strings
2025-05-23 18:31:15 +0000  copying file ./Payload/K-Visa.app/GoogleSignIn_GoogleSignIn.bundle/zh_CN.lproj/GoogleSignIn.strings ... 
2025-05-23 18:31:15 +0000  1489 bytes for ./Payload/K-Visa.app/GoogleSignIn_GoogleSignIn.bundle/zh_CN.lproj/GoogleSignIn.strings
2025-05-23 18:31:15 +0000  copying file ./Payload/K-Visa.app/GoogleSignIn_GoogleSignIn.bundle/nb.lproj/GoogleSignIn.strings ... 
2025-05-23 18:31:15 +0000  1593 bytes for ./Payload/K-Visa.app/GoogleSignIn_GoogleSignIn.bundle/nb.lproj/GoogleSignIn.strings
2025-05-23 18:31:15 +0000  copying file ./Payload/K-Visa.app/GoogleSignIn_GoogleSignIn.bundle/es.lproj/GoogleSignIn.strings ... 
2025-05-23 18:31:15 +0000  1678 bytes for ./Payload/K-Visa.app/GoogleSignIn_GoogleSignIn.bundle/es.lproj/GoogleSignIn.strings
2025-05-23 18:31:15 +0000  copying file ./Payload/K-Visa.app/GoogleSignIn_GoogleSignIn.bundle/pt_BR.lproj/GoogleSignIn.strings ... 
2025-05-23 18:31:15 +0000  1608 bytes for ./Payload/K-Visa.app/GoogleSignIn_GoogleSignIn.bundle/pt_BR.lproj/GoogleSignIn.strings
2025-05-23 18:31:15 +0000  copying file ./Payload/K-Visa.app/GoogleSignIn_GoogleSignIn.bundle/da.lproj/GoogleSignIn.strings ... 
2025-05-23 18:31:15 +0000  1611 bytes for ./Payload/K-Visa.app/GoogleSignIn_GoogleSignIn.bundle/da.lproj/GoogleSignIn.strings
2025-05-23 18:31:15 +0000  copying file ./Payload/K-Visa.app/GoogleSignIn_GoogleSignIn.bundle/it.lproj/GoogleSignIn.strings ... 
2025-05-23 18:31:15 +0000  1570 bytes for ./Payload/K-Visa.app/GoogleSignIn_GoogleSignIn.bundle/it.lproj/GoogleSignIn.strings
2025-05-23 18:31:15 +0000  copying file ./Payload/K-Visa.app/GoogleSignIn_GoogleSignIn.bundle/sk.lproj/GoogleSignIn.strings ... 
2025-05-23 18:31:15 +0000  1665 bytes for ./Payload/K-Visa.app/GoogleSignIn_GoogleSignIn.bundle/sk.lproj/GoogleSignIn.strings
2025-05-23 18:31:15 +0000  copying file ./Payload/K-Visa.app/GoogleSignIn_GoogleSignIn.bundle/pt_PT.lproj/GoogleSignIn.strings ... 
2025-05-23 18:31:15 +0000  1646 bytes for ./Payload/K-Visa.app/GoogleSignIn_GoogleSignIn.bundle/pt_PT.lproj/GoogleSignIn.strings
2025-05-23 18:31:15 +0000  copying file ./Payload/K-Visa.app/GoogleSignIn_GoogleSignIn.bundle/google@3x.png ... 
2025-05-23 18:31:15 +0000  1622 bytes for ./Payload/K-Visa.app/GoogleSignIn_GoogleSignIn.bundle/google@3x.png
2025-05-23 18:31:15 +0000  copying file ./Payload/K-Visa.app/GoogleSignIn_GoogleSignIn.bundle/ms.lproj/GoogleSignIn.strings ... 
2025-05-23 18:31:15 +0000  1565 bytes for ./Payload/K-Visa.app/GoogleSignIn_GoogleSignIn.bundle/ms.lproj/GoogleSignIn.strings
2025-05-23 18:31:15 +0000  copying file ./Payload/K-Visa.app/GoogleSignIn_GoogleSignIn.bundle/sv.lproj/GoogleSignIn.strings ... 
2025-05-23 18:31:15 +0000  1579 bytes for ./Payload/K-Visa.app/GoogleSignIn_GoogleSignIn.bundle/sv.lproj/GoogleSignIn.strings
2025-05-23 18:31:15 +0000  copying file ./Payload/K-Visa.app/GoogleSignIn_GoogleSignIn.bundle/cs.lproj/GoogleSignIn.strings ... 
2025-05-23 18:31:15 +0000  1615 bytes for ./Payload/K-Visa.app/GoogleSignIn_GoogleSignIn.bundle/cs.lproj/GoogleSignIn.strings
2025-05-23 18:31:15 +0000  copying file ./Payload/K-Visa.app/GoogleSignIn_GoogleSignIn.bundle/google@2x.png ... 
2025-05-23 18:31:15 +0000  987 bytes for ./Payload/K-Visa.app/GoogleSignIn_GoogleSignIn.bundle/google@2x.png
2025-05-23 18:31:15 +0000  copying file ./Payload/K-Visa.app/GoogleSignIn_GoogleSignIn.bundle/ko.lproj/GoogleSignIn.strings ... 
2025-05-23 18:31:15 +0000  1634 bytes for ./Payload/K-Visa.app/GoogleSignIn_GoogleSignIn.bundle/ko.lproj/GoogleSignIn.strings
2025-05-23 18:31:15 +0000  copying file ./Payload/K-Visa.app/GoogleSignIn_GoogleSignIn.bundle/hu.lproj/GoogleSignIn.strings ... 
2025-05-23 18:31:15 +0000  1663 bytes for ./Payload/K-Visa.app/GoogleSignIn_GoogleSignIn.bundle/hu.lproj/GoogleSignIn.strings
2025-05-23 18:31:15 +0000  copying file ./Payload/K-Visa.app/GoogleSignIn_GoogleSignIn.bundle/tr.lproj/GoogleSignIn.strings ... 
2025-05-23 18:31:15 +0000  1596 bytes for ./Payload/K-Visa.app/GoogleSignIn_GoogleSignIn.bundle/tr.lproj/GoogleSignIn.strings
2025-05-23 18:31:15 +0000  copying file ./Payload/K-Visa.app/GoogleSignIn_GoogleSignIn.bundle/pl.lproj/GoogleSignIn.strings ... 
2025-05-23 18:31:15 +0000  1578 bytes for ./Payload/K-Visa.app/GoogleSignIn_GoogleSignIn.bundle/pl.lproj/GoogleSignIn.strings
2025-05-23 18:31:15 +0000  copying file ./Payload/K-Visa.app/GoogleSignIn_GoogleSignIn.bundle/zh_TW.lproj/GoogleSignIn.strings ... 
2025-05-23 18:31:15 +0000  1525 bytes for ./Payload/K-Visa.app/GoogleSignIn_GoogleSignIn.bundle/zh_TW.lproj/GoogleSignIn.strings
2025-05-23 18:31:15 +0000  copying file ./Payload/K-Visa.app/GoogleSignIn_GoogleSignIn.bundle/en_GB.lproj/GoogleSignIn.strings ... 
2025-05-23 18:31:15 +0000  1547 bytes for ./Payload/K-Visa.app/GoogleSignIn_GoogleSignIn.bundle/en_GB.lproj/GoogleSignIn.strings
2025-05-23 18:31:15 +0000  copying file ./Payload/K-Visa.app/GoogleSignIn_GoogleSignIn.bundle/vi.lproj/GoogleSignIn.strings ... 
2025-05-23 18:31:15 +0000  1717 bytes for ./Payload/K-Visa.app/GoogleSignIn_GoogleSignIn.bundle/vi.lproj/GoogleSignIn.strings
2025-05-23 18:31:15 +0000  copying file ./Payload/K-Visa.app/GoogleSignIn_GoogleSignIn.bundle/PrivacyInfo.xcprivacy ... 
2025-05-23 18:31:15 +0000  3756 bytes for ./Payload/K-Visa.app/GoogleSignIn_GoogleSignIn.bundle/PrivacyInfo.xcprivacy
2025-05-23 18:31:15 +0000  copying file ./Payload/K-Visa.app/GoogleSignIn_GoogleSignIn.bundle/ru.lproj/GoogleSignIn.strings ... 
2025-05-23 18:31:15 +0000  1954 bytes for ./Payload/K-Visa.app/GoogleSignIn_GoogleSignIn.bundle/ru.lproj/GoogleSignIn.strings
2025-05-23 18:31:15 +0000  copying file ./Payload/K-Visa.app/GoogleSignIn_GoogleSignIn.bundle/fr_CA.lproj/GoogleSignIn.strings ... 
2025-05-23 18:31:15 +0000  1657 bytes for ./Payload/K-Visa.app/GoogleSignIn_GoogleSignIn.bundle/fr_CA.lproj/GoogleSignIn.strings
2025-05-23 18:31:15 +0000  copying file ./Payload/K-Visa.app/GoogleSignIn_GoogleSignIn.bundle/fr.lproj/GoogleSignIn.strings ... 
2025-05-23 18:31:15 +0000  1676 bytes for ./Payload/K-Visa.app/GoogleSignIn_GoogleSignIn.bundle/fr.lproj/GoogleSignIn.strings
2025-05-23 18:31:15 +0000  copying file ./Payload/K-Visa.app/GoogleSignIn_GoogleSignIn.bundle/fi.lproj/GoogleSignIn.strings ... 
2025-05-23 18:31:15 +0000  1640 bytes for ./Payload/K-Visa.app/GoogleSignIn_GoogleSignIn.bundle/fi.lproj/GoogleSignIn.strings
2025-05-23 18:31:15 +0000  copying file ./Payload/K-Visa.app/GoogleSignIn_GoogleSignIn.bundle/id.lproj/GoogleSignIn.strings ... 
2025-05-23 18:31:15 +0000  1553 bytes for ./Payload/K-Visa.app/GoogleSignIn_GoogleSignIn.bundle/id.lproj/GoogleSignIn.strings
2025-05-23 18:31:15 +0000  copying file ./Payload/K-Visa.app/GoogleSignIn_GoogleSignIn.bundle/nl.lproj/GoogleSignIn.strings ... 
2025-05-23 18:31:15 +0000  1606 bytes for ./Payload/K-Visa.app/GoogleSignIn_GoogleSignIn.bundle/nl.lproj/GoogleSignIn.strings
2025-05-23 18:31:15 +0000  copying file ./Payload/K-Visa.app/GoogleSignIn_GoogleSignIn.bundle/th.lproj/GoogleSignIn.strings ... 
2025-05-23 18:31:15 +0000  2133 bytes for ./Payload/K-Visa.app/GoogleSignIn_GoogleSignIn.bundle/th.lproj/GoogleSignIn.strings
2025-05-23 18:31:15 +0000  copying file ./Payload/K-Visa.app/GoogleSignIn_GoogleSignIn.bundle/pt.lproj/GoogleSignIn.strings ... 
2025-05-23 18:31:15 +0000  1608 bytes for ./Payload/K-Visa.app/GoogleSignIn_GoogleSignIn.bundle/pt.lproj/GoogleSignIn.strings
2025-05-23 18:31:15 +0000  copying file ./Payload/K-Visa.app/GoogleSignIn_GoogleSignIn.bundle/google.png ... 
2025-05-23 18:31:15 +0000  572 bytes for ./Payload/K-Visa.app/GoogleSignIn_GoogleSignIn.bundle/google.png
2025-05-23 18:31:15 +0000  copying file ./Payload/K-Visa.app/GoogleSignIn_GoogleSignIn.bundle/Roboto-Bold.ttf ... 
2025-05-23 18:31:15 +0000  127744 bytes for ./Payload/K-Visa.app/GoogleSignIn_GoogleSignIn.bundle/Roboto-Bold.ttf
2025-05-23 18:31:15 +0000  copying file ./Payload/K-Visa.app/GoogleSignIn_GoogleSignIn.bundle/ro.lproj/GoogleSignIn.strings ... 
2025-05-23 18:31:15 +0000  1598 bytes for ./Payload/K-Visa.app/GoogleSignIn_GoogleSignIn.bundle/ro.lproj/GoogleSignIn.strings
2025-05-23 18:31:15 +0000  copying file ./Payload/K-Visa.app/GoogleSignIn_GoogleSignIn.bundle/Info.plist ... 
2025-05-23 18:31:15 +0000  702 bytes for ./Payload/K-Visa.app/GoogleSignIn_GoogleSignIn.bundle/Info.plist
2025-05-23 18:31:15 +0000  copying file ./Payload/K-Visa.app/GoogleSignIn_GoogleSignIn.bundle/hr.lproj/GoogleSignIn.strings ... 
2025-05-23 18:31:15 +0000  1621 bytes for ./Payload/K-Visa.app/GoogleSignIn_GoogleSignIn.bundle/hr.lproj/GoogleSignIn.strings
2025-05-23 18:31:15 +0000  copying file ./Payload/K-Visa.app/GoogleSignIn_GoogleSignIn.bundle/hi.lproj/GoogleSignIn.strings ... 
2025-05-23 18:31:15 +0000  2286 bytes for ./Payload/K-Visa.app/GoogleSignIn_GoogleSignIn.bundle/hi.lproj/GoogleSignIn.strings
2025-05-23 18:31:15 +0000  copying file ./Payload/K-Visa.app/GoogleSignIn_GoogleSignIn.bundle/ca.lproj/GoogleSignIn.strings ... 
2025-05-23 18:31:15 +0000  1669 bytes for ./Payload/K-Visa.app/GoogleSignIn_GoogleSignIn.bundle/ca.lproj/GoogleSignIn.strings
2025-05-23 18:31:15 +0000  copying file ./Payload/K-Visa.app/nanopb_nanopb.bundle/PrivacyInfo.xcprivacy ... 
2025-05-23 18:31:15 +0000  374 bytes for ./Payload/K-Visa.app/nanopb_nanopb.bundle/PrivacyInfo.xcprivacy
2025-05-23 18:31:15 +0000  copying file ./Payload/K-Visa.app/nanopb_nanopb.bundle/Info.plist ... 
2025-05-23 18:31:15 +0000  672 bytes for ./Payload/K-Visa.app/nanopb_nanopb.bundle/Info.plist
2025-05-23 18:31:15 +0000  copying file ./Payload/K-Visa.app/AppIcon60x60@2x.png ... 
2025-05-23 18:31:15 +0000  3527 bytes for ./Payload/K-Visa.app/AppIcon60x60@2x.png
2025-05-23 18:31:15 +0000  copying file ./Payload/K-Visa.app/GoogleUtilities_GoogleUtilities-AppDelegateSwizzler.bundle/PrivacyInfo.xcprivacy ... 
2025-05-23 18:31:15 +0000  478 bytes for ./Payload/K-Visa.app/GoogleUtilities_GoogleUtilities-AppDelegateSwizzler.bundle/PrivacyInfo.xcprivacy
2025-05-23 18:31:15 +0000  copying file ./Payload/K-Visa.app/GoogleUtilities_GoogleUtilities-AppDelegateSwizzler.bundle/Info.plist ... 
2025-05-23 18:31:15 +0000  750 bytes for ./Payload/K-Visa.app/GoogleUtilities_GoogleUtilities-AppDelegateSwizzler.bundle/Info.plist
2025-05-23 18:31:15 +0000  copying file ./Payload/K-Visa.app/GoogleUtilities_GoogleUtilities-NSData.bundle/PrivacyInfo.xcprivacy ... 
2025-05-23 18:31:15 +0000  478 bytes for ./Payload/K-Visa.app/GoogleUtilities_GoogleUtilities-NSData.bundle/PrivacyInfo.xcprivacy
2025-05-23 18:31:15 +0000  copying file ./Payload/K-Visa.app/GoogleUtilities_GoogleUtilities-NSData.bundle/Info.plist ... 
2025-05-23 18:31:15 +0000  724 bytes for ./Payload/K-Visa.app/GoogleUtilities_GoogleUtilities-NSData.bundle/Info.plist
2025-05-23 18:31:15 +0000  copying file ./Payload/K-Visa.app/Firebase_FirebaseInstallations.bundle/PrivacyInfo.xcprivacy ... 
2025-05-23 18:31:15 +0000  1105 bytes for ./Payload/K-Visa.app/Firebase_FirebaseInstallations.bundle/PrivacyInfo.xcprivacy
2025-05-23 18:31:15 +0000  copying file ./Payload/K-Visa.app/Firebase_FirebaseInstallations.bundle/Info.plist ... 
2025-05-23 18:31:15 +0000  716 bytes for ./Payload/K-Visa.app/Firebase_FirebaseInstallations.bundle/Info.plist
2025-05-23 18:31:15 +0000  copying file ./Payload/K-Visa.app/Firebase_FirebaseCoreInternal.bundle/PrivacyInfo.xcprivacy ... 
2025-05-23 18:31:15 +0000  855 bytes for ./Payload/K-Visa.app/Firebase_FirebaseCoreInternal.bundle/PrivacyInfo.xcprivacy
2025-05-23 18:31:15 +0000  copying file ./Payload/K-Visa.app/Firebase_FirebaseCoreInternal.bundle/Info.plist ... 
2025-05-23 18:31:15 +0000  714 bytes for ./Payload/K-Visa.app/Firebase_FirebaseCoreInternal.bundle/Info.plist
2025-05-23 18:31:15 +0000  copying file ./Payload/K-Visa.app/Firebase_FirebaseAuth.bundle/PrivacyInfo.xcprivacy ... 
2025-05-23 18:31:15 +0000  2102 bytes for ./Payload/K-Visa.app/Firebase_FirebaseAuth.bundle/PrivacyInfo.xcprivacy
2025-05-23 18:31:15 +0000  copying file ./Payload/K-Visa.app/Firebase_FirebaseAuth.bundle/Info.plist ... 
2025-05-23 18:31:15 +0000  698 bytes for ./Payload/K-Visa.app/Firebase_FirebaseAuth.bundle/Info.plist
2025-05-23 18:31:15 +0000  copying file ./Payload/K-Visa.app/AppAuth_AppAuth.bundle/PrivacyInfo.xcprivacy ... 
2025-05-23 18:31:15 +0000  391 bytes for ./Payload/K-Visa.app/AppAuth_AppAuth.bundle/PrivacyInfo.xcprivacy
copying file ./Payload/K-Visa.app/AppAuth_AppAuth.bundle/Info.plist ... 
2025-05-23 18:31:15 +0000  682 bytes for ./Payload/K-Visa.app/AppAuth_AppAuth.bundle/Info.plist
2025-05-23 18:31:15 +0000  copying file ./Payload/K-Visa.app/GoogleUtilities_GoogleUtilities-Logger.bundle/PrivacyInfo.xcprivacy ... 
2025-05-23 18:31:15 +0000  478 bytes for ./Payload/K-Visa.app/GoogleUtilities_GoogleUtilities-Logger.bundle/PrivacyInfo.xcprivacy
2025-05-23 18:31:15 +0000  copying file ./Payload/K-Visa.app/GoogleUtilities_GoogleUtilities-Logger.bundle/Info.plist ... 
2025-05-23 18:31:15 +0000  724 bytes for ./Payload/K-Visa.app/GoogleUtilities_GoogleUtilities-Logger.bundle/Info.plist
2025-05-23 18:31:15 +0000  copying file ./Payload/K-Visa.app/GoogleUtilities_GoogleUtilities-Reachability.bundle/PrivacyInfo.xcprivacy ... 
2025-05-23 18:31:15 +0000  478 bytes for ./Payload/K-Visa.app/GoogleUtilities_GoogleUtilities-Reachability.bundle/PrivacyInfo.xcprivacy
2025-05-23 18:31:15 +0000  copying file ./Payload/K-Visa.app/GoogleUtilities_GoogleUtilities-Reachability.bundle/Info.plist ... 
736 bytes for ./Payload/K-Visa.app/GoogleUtilities_GoogleUtilities-Reachability.bundle/Info.plist
2025-05-23 18:31:15 +0000  copying file ./Payload/K-Visa.app/Firebase_FirebaseMessaging.bundle/PrivacyInfo.xcprivacy ... 
2025-05-23 18:31:15 +0000  2357 bytes for ./Payload/K-Visa.app/Firebase_FirebaseMessaging.bundle/PrivacyInfo.xcprivacy
2025-05-23 18:31:15 +0000  copying file ./Payload/K-Visa.app/Firebase_FirebaseMessaging.bundle/Info.plist ... 
2025-05-23 18:31:15 +0000  708 bytes for ./Payload/K-Visa.app/Firebase_FirebaseMessaging.bundle/Info.plist
2025-05-23 18:31:15 +0000  copying file ./Payload/K-Visa.app/GoogleService-Info.plist ... 
2025-05-23 18:31:15 +0000  773 bytes for ./Payload/K-Visa.app/GoogleService-Info.plist
2025-05-23 18:31:15 +0000  copying file ./Payload/K-Visa.app/AppAuth_AppAuthCore.bundle/PrivacyInfo.xcprivacy ... 
2025-05-23 18:31:15 +0000  391 bytes for ./Payload/K-Visa.app/AppAuth_AppAuthCore.bundle/PrivacyInfo.xcprivacy
2025-05-23 18:31:15 +0000  copying file ./Payload/K-Visa.app/AppAuth_AppAuthCore.bundle/Info.plist ... 
2025-05-23 18:31:15 +0000  690 bytes for ./Payload/K-Visa.app/AppAuth_AppAuthCore.bundle/Info.plist
2025-05-23 18:31:15 +0000  copying file ./Payload/K-Visa.app/GoogleDataTransport_GoogleDataTransport.bundle/PrivacyInfo.xcprivacy ... 
2025-05-23 18:31:15 +0000  1105 bytes for ./Payload/K-Visa.app/GoogleDataTransport_GoogleDataTransport.bundle/PrivacyInfo.xcprivacy
2025-05-23 18:31:15 +0000  copying file ./Payload/K-Visa.app/GoogleDataTransport_GoogleDataTransport.bundle/Info.plist ... 
2025-05-23 18:31:15 +0000  726 bytes for ./Payload/K-Visa.app/GoogleDataTransport_GoogleDataTransport.bundle/Info.plist
2025-05-23 18:31:15 +0000  copying file ./Payload/K-Visa.app/Promises_FBLPromises.bundle/PrivacyInfo.xcprivacy ... 
2025-05-23 18:31:15 +0000  373 bytes for ./Payload/K-Visa.app/Promises_FBLPromises.bundle/PrivacyInfo.xcprivacy
2025-05-23 18:31:15 +0000  copying file ./Payload/K-Visa.app/Promises_FBLPromises.bundle/Info.plist ... 
2025-05-23 18:31:15 +0000  688 bytes for ./Payload/K-Visa.app/Promises_FBLPromises.bundle/Info.plist
2025-05-23 18:31:15 +0000  copying file ./Payload/K-Visa.app/GoogleUtilities_GoogleUtilities-Network.bundle/PrivacyInfo.xcprivacy ... 
2025-05-23 18:31:15 +0000  856 bytes for ./Payload/K-Visa.app/GoogleUtilities_GoogleUtilities-Network.bundle/PrivacyInfo.xcprivacy
2025-05-23 18:31:15 +0000  copying file ./Payload/K-Visa.app/GoogleUtilities_GoogleUtilities-Network.bundle/Info.plist ... 
2025-05-23 18:31:15 +0000  726 bytes for ./Payload/K-Visa.app/GoogleUtilities_GoogleUtilities-Network.bundle/Info.plist
2025-05-23 18:31:15 +0000  copying file ./Payload/K-Visa.app/Assets.car ... 
2025-05-23 18:31:15 +0000  306431 bytes for ./Payload/K-Visa.app/Assets.car
2025-05-23 18:31:15 +0000  copying file ./Payload/K-Visa.app/.gitignore ... 
2025-05-23 18:31:15 +0000  2690 bytes for ./Payload/K-Visa.app/.gitignore
2025-05-23 18:31:15 +0000  copying file ./Payload/K-Visa.app/AppIcon76x76@2x~ipad.png ... 
2025-05-23 18:31:15 +0000  5132 bytes for ./Payload/K-Visa.app/AppIcon76x76@2x~ipad.png
2025-05-23 18:31:15 +0000  copying file ./Payload/K-Visa.app/Firebase_FirebaseCoreExtension.bundle/PrivacyInfo.xcprivacy ... 
2025-05-23 18:31:15 +0000  478 bytes for ./Payload/K-Visa.app/Firebase_FirebaseCoreExtension.bundle/PrivacyInfo.xcprivacy
2025-05-23 18:31:15 +0000  copying file ./Payload/K-Visa.app/Firebase_FirebaseCoreExtension.bundle/Info.plist ... 
2025-05-23 18:31:15 +0000  716 bytes for ./Payload/K-Visa.app/Firebase_FirebaseCoreExtension.bundle/Info.plist
2025-05-23 18:31:15 +0000  copying file ./Payload/K-Visa.app/K-Visa ... 
2025-05-23 18:31:15 +0000  4161520 bytes for ./Payload/K-Visa.app/K-Visa
2025-05-23 18:31:15 +0000  copying file ./Payload/K-Visa.app/GoogleUtilities_GoogleUtilities-UserDefaults.bundle/PrivacyInfo.xcprivacy ... 
911 bytes for ./Payload/K-Visa.app/GoogleUtilities_GoogleUtilities-UserDefaults.bundle/PrivacyInfo.xcprivacy
copying file ./Payload/K-Visa.app/GoogleUtilities_GoogleUtilities-UserDefaults.bundle/Info.plist ... 
736 bytes for ./Payload/K-Visa.app/GoogleUtilities_GoogleUtilities-UserDefaults.bundle/Info.plist
copying file ./Payload/K-Visa.app/GoogleUtilities_GoogleUtilities-Environment.bundle/PrivacyInfo.xcprivacy ... 
855 bytes for ./Payload/K-Visa.app/GoogleUtilities_GoogleUtilities-Environment.bundle/PrivacyInfo.xcprivacy
copying file ./Payload/K-Visa.app/GoogleUtilities_GoogleUtilities-Environment.bundle/Info.plist ... 
2025-05-23 18:31:15 +0000  734 bytes for ./Payload/K-Visa.app/GoogleUtilities_GoogleUtilities-Environment.bundle/Info.plist
2025-05-23 18:31:15 +0000  copying file ./Payload/K-Visa.app/Frameworks/GoogleAppMeasurement.framework/_CodeSignature/CodeResources ... 
1798 bytes for ./Payload/K-Visa.app/Frameworks/GoogleAppMeasurement.framework/_CodeSignature/CodeResources
2025-05-23 18:31:15 +0000  copying file ./Payload/K-Visa.app/Frameworks/GoogleAppMeasurement.framework/GoogleAppMeasurement ... 
2025-05-23 18:31:15 +0000  51488 bytes for ./Payload/K-Visa.app/Frameworks/GoogleAppMeasurement.framework/GoogleAppMeasurement
copying file ./Payload/K-Visa.app/Frameworks/GoogleAppMeasurement.framework/Info.plist ... 
2025-05-23 18:31:15 +0000  1555 bytes for ./Payload/K-Visa.app/Frameworks/GoogleAppMeasurement.framework/Info.plist
2025-05-23 18:31:15 +0000  copying file ./Payload/K-Visa.app/Frameworks/FirebaseAnalytics.framework/_CodeSignature/CodeResources ... 
2025-05-23 18:31:15 +0000  1798 bytes for ./Payload/K-Visa.app/Frameworks/FirebaseAnalytics.framework/_CodeSignature/CodeResources
copying file ./Payload/K-Visa.app/Frameworks/FirebaseAnalytics.framework/FirebaseAnalytics ... 
2025-05-23 18:31:15 +0000  51472 bytes for ./Payload/K-Visa.app/Frameworks/FirebaseAnalytics.framework/FirebaseAnalytics
copying file ./Payload/K-Visa.app/Frameworks/FirebaseAnalytics.framework/Info.plist ... 
2025-05-23 18:31:15 +0000  1546 bytes for ./Payload/K-Visa.app/Frameworks/FirebaseAnalytics.framework/Info.plist
2025-05-23 18:31:15 +0000  copying file ./Payload/K-Visa.app/Frameworks/GoogleAppMeasurementIdentitySupport.framework/_CodeSignature/CodeResources ... 
2025-05-23 18:31:15 +0000  1798 bytes for ./Payload/K-Visa.app/Frameworks/GoogleAppMeasurementIdentitySupport.framework/_CodeSignature/CodeResources
2025-05-23 18:31:15 +0000  copying file ./Payload/K-Visa.app/Frameworks/GoogleAppMeasurementIdentitySupport.framework/GoogleAppMeasurementIdentitySupport ... 
2025-05-23 18:31:15 +0000  51520 bytes for ./Payload/K-Visa.app/Frameworks/GoogleAppMeasurementIdentitySupport.framework/GoogleAppMeasurementIdentitySupport
copying file ./Payload/K-Visa.app/Frameworks/GoogleAppMeasurementIdentitySupport.framework/Info.plist ... 
2025-05-23 18:31:15 +0000  1600 bytes for ./Payload/K-Visa.app/Frameworks/GoogleAppMeasurementIdentitySupport.framework/Info.plist
2025-05-23 18:31:15 +0000  copying file ./Payload/K-Visa.app/GoogleUtilities_GoogleUtilities-MethodSwizzler.bundle/PrivacyInfo.xcprivacy ... 
2025-05-23 18:31:15 +0000  478 bytes for ./Payload/K-Visa.app/GoogleUtilities_GoogleUtilities-MethodSwizzler.bundle/PrivacyInfo.xcprivacy
copying file ./Payload/K-Visa.app/GoogleUtilities_GoogleUtilities-MethodSwizzler.bundle/Info.plist ... 
2025-05-23 18:31:15 +0000  740 bytes for ./Payload/K-Visa.app/GoogleUtilities_GoogleUtilities-MethodSwizzler.bundle/Info.plist
copying file ./Payload/K-Visa.app/embedded.mobileprovision ... 
2025-05-23 18:31:15 +0000  16625 bytes for ./Payload/K-Visa.app/embedded.mobileprovision
copying file ./Payload/K-Visa.app/Info.plist ... 
2025-05-23 18:31:15 +0000  2019 bytes for ./Payload/K-Visa.app/Info.plist
2025-05-23 18:31:15 +0000  copying file ./Payload/K-Visa.app/GTMAppAuth_GTMAppAuth.bundle/PrivacyInfo.xcprivacy ... 
373 bytes for ./Payload/K-Visa.app/GTMAppAuth_GTMAppAuth.bundle/PrivacyInfo.xcprivacy
2025-05-23 18:31:15 +0000  copying file ./Payload/K-Visa.app/GTMAppAuth_GTMAppAuth.bundle/Info.plist ... 
2025-05-23 18:31:15 +0000  690 bytes for ./Payload/K-Visa.app/GTMAppAuth_GTMAppAuth.bundle/Info.plist
copying file ./Payload/K-Visa.app/PkgInfo ... 
2025-05-23 18:31:15 +0000  8 bytes for ./Payload/K-Visa.app/PkgInfo
copying file ./Payload/K-Visa.app/GoogleSignIn_GoogleSignInSwift.bundle/PrivacyInfo.xcprivacy ... 
2025-05-23 18:31:15 +0000  373 bytes for ./Payload/K-Visa.app/GoogleSignIn_GoogleSignInSwift.bundle/PrivacyInfo.xcprivacy
copying file ./Payload/K-Visa.app/GoogleSignIn_GoogleSignInSwift.bundle/Info.plist ... 
2025-05-23 18:31:15 +0000  712 bytes for ./Payload/K-Visa.app/GoogleSignIn_GoogleSignInSwift.bundle/Info.plist
2025-05-23 18:31:15 +0000  /usr/bin/ditto exited with 0
2025-05-23 18:31:15 +0000  Processing step: IDEDistributionAppStoreInformationStep
2025-05-23 18:31:15 +0000  Skipping step: IDEDistributionAppStoreInformationStep because it said so
2025-05-23 18:31:15 +0000  Processing step: IDEDistributionGenerateProcessedDistributionItems
2025-05-23 18:31:15 +0000  IDEDistributionItem init <DVTFilePath:0x60000d2fea00:'/var/folders/2m/mbbfzhqx7m309jyf4920twhw0000gn/T/XcodeDistPipeline.~~~rMv22V/Root/Payload/K-Visa.app/Frameworks/GoogleAppMeasurementIdentitySupport.framework'>
2025-05-23 18:31:15 +0000  IDEDistributionItem init <DVTFilePath:0x60000d562e60:'/var/folders/2m/mbbfzhqx7m309jyf4920twhw0000gn/T/XcodeDistPipeline.~~~rMv22V/Root/Payload/K-Visa.app/Frameworks/FirebaseAnalytics.framework'>
2025-05-23 18:31:15 +0000  IDEDistributionItem init <DVTFilePath:0x60000d563100:'/var/folders/2m/mbbfzhqx7m309jyf4920twhw0000gn/T/XcodeDistPipeline.~~~rMv22V/Root/Payload/K-Visa.app/Frameworks/GoogleAppMeasurement.framework'>
2025-05-23 18:31:15 +0000  IDEDistributionItem init <DVTFilePath:0x60001d66c3c0:'/var/folders/2m/mbbfzhqx7m309jyf4920twhw0000gn/T/XcodeDistPipeline.~~~rMv22V/Root/Payload/K-Visa.app'>
2025-05-23 18:31:15 +0000  Processing step: IDEDistributionCreateManifestStep
